#
# There is insufficient memory for the Java Runtime Environment to continue.
# Native memory allocation (malloc) failed to allocate 32744 bytes for ChunkPool::allocate
# Possible reasons:
#   The system is out of physical RAM or swap space
#   The process is running with CompressedOops enabled, and the Java Heap may be blocking the growth of the native heap
# Possible solutions:
#   Reduce memory load on the system
#   Increase physical memory or swap space
#   Check if swap backing store is full
#   Decrease Java heap size (-Xmx/-Xms)
#   Decrease number of Java threads
#   Decrease Java thread stack sizes (-Xss)
#   Set larger code cache with -XX:ReservedCodeCacheSize=
#   JVM is running with Zero Based Compressed Oops mode in which the Java heap is
#     placed in the first 32GB address space. The Java Heap base address is the
#     maximum limit for the native heap growth. Please use -XX:HeapBaseMinAddress
#     to set the Java Heap base and to place the Java Heap above 32GB virtual address.
# This output file may be truncated or incomplete.
#
#  Out of Memory Error (./src/hotspot/share/memory/arena.cpp:81), pid=25520, tid=10736
#
# JRE version: OpenJDK Runtime Environment (11.0.11+9) (build 11.0.11+9-b60-7590822)
# Java VM: OpenJDK 64-Bit Server VM (11.0.11+9-b60-7590822, mixed mode, tiered, compressed oops, g1 gc, windows-amd64)
# No core dump will be written. Minidumps are not enabled by default on client versions of Windows
#

---------------  S U M M A R Y ------------

Command Line: org.jetbrains.kotlin.cli.jvm.K2JVMCompiler @D:\Project\schoolManagement\node_modules\react-native-screens\android\build\20220417_7425837747048899329.compiler.options

Host: Intel(R) Core(TM) i7-8650U CPU @ 1.90GHz, 8 cores, 15G,  Windows 10 , 64 bit Build 22000 (10.0.22000.434)
Time: Sun Apr 17 14:11:32 2022 Bangladesh Standard Time elapsed time: 3.800932 seconds (0d 0h 0m 3s)

---------------  T H R E A D  ---------------

Current thread (0x000001587fb44800):  JavaThread "C1 CompilerThread0" daemon [_thread_in_vm, id=10736, stack(0x0000002c70300000,0x0000002c70400000)]


Current CompileTask:
C1:   3801 4308       2       org.jetbrains.kotlin.resolve.scopes.LexicalChainedScope::getContributedClassifierIncludeDeprecated (236 bytes)

Stack: [0x0000002c70300000,0x0000002c70400000]
Native frames: (J=compiled Java code, j=interpreted, Vv=VM code, C=native code)
V  [jvm.dll+0x5f214a]
V  [jvm.dll+0x726fb5]
V  [jvm.dll+0x7285cd]
V  [jvm.dll+0x728c83]
V  [jvm.dll+0x243278]
V  [jvm.dll+0xbc78b]
V  [jvm.dll+0xbca3c]
V  [jvm.dll+0x1af601]
V  [jvm.dll+0x19faff]
V  [jvm.dll+0x1a03ec]
V  [jvm.dll+0x1a0202]
V  [jvm.dll+0x1b2707]
V  [jvm.dll+0x1a7a0e]
V  [jvm.dll+0x13a771]
V  [jvm.dll+0x11ec07]
V  [jvm.dll+0x1295f0]
V  [jvm.dll+0x12a8da]
V  [jvm.dll+0x12fabf]
V  [jvm.dll+0x12e012]
V  [jvm.dll+0x136cbd]
V  [jvm.dll+0x13632d]
V  [jvm.dll+0x12d4d0]
V  [jvm.dll+0x12f9b5]
V  [jvm.dll+0x12e012]
V  [jvm.dll+0x136cbd]
V  [jvm.dll+0x13632d]
V  [jvm.dll+0x12d4d0]
V  [jvm.dll+0x12f9b5]
V  [jvm.dll+0x12ded9]
V  [jvm.dll+0x136cbd]
V  [jvm.dll+0x13632d]
V  [jvm.dll+0x12d4d0]
V  [jvm.dll+0x12f9b5]
V  [jvm.dll+0x12e012]
V  [jvm.dll+0x136cbd]
V  [jvm.dll+0x13632d]
V  [jvm.dll+0x12d4d0]
V  [jvm.dll+0x12f9b5]
V  [jvm.dll+0x12e012]
V  [jvm.dll+0x1278e6]
V  [jvm.dll+0x137f26]
V  [jvm.dll+0x137dd9]
V  [jvm.dll+0x123749]
V  [jvm.dll+0x123a9a]
V  [jvm.dll+0x123c93]
V  [jvm.dll+0x122fa7]
V  [jvm.dll+0x124b77]
V  [jvm.dll+0x209a57]
V  [jvm.dll+0x2082a1]
V  [jvm.dll+0x6ef58f]
V  [jvm.dll+0x6e80b5]
V  [jvm.dll+0x5f1036]
C  [ucrtbase.dll+0x26c0c]
C  [KERNEL32.DLL+0x154e0]
C  [ntdll.dll+0x485b]


---------------  P R O C E S S  ---------------

Threads class SMR info:
_java_thread_list=0x000001581a9e9700, length=12, elements={
0x0000015879902000, 0x000001587fb34000, 0x000001587fb3d800, 0x000001587fa82800,
0x000001587fa83800, 0x000001587fa84800, 0x000001587fb43800, 0x000001587fb44800,
0x000001587fb45800, 0x000001587fcfa800, 0x000001587fd48000, 0x000001581a841000
}

Java Threads: ( => current thread )
  0x0000015879902000 JavaThread "main" [_thread_in_Java, id=25184, stack(0x0000002c6f600000,0x0000002c6f700000)]
  0x000001587fb34000 JavaThread "Reference Handler" daemon [_thread_blocked, id=15748, stack(0x0000002c6fd00000,0x0000002c6fe00000)]
  0x000001587fb3d800 JavaThread "Finalizer" daemon [_thread_blocked, id=5048, stack(0x0000002c6fe00000,0x0000002c6ff00000)]
  0x000001587fa82800 JavaThread "Signal Dispatcher" daemon [_thread_blocked, id=24256, stack(0x0000002c6ff00000,0x0000002c70000000)]
  0x000001587fa83800 JavaThread "Attach Listener" daemon [_thread_blocked, id=18836, stack(0x0000002c70000000,0x0000002c70100000)]
  0x000001587fa84800 JavaThread "Service Thread" daemon [_thread_blocked, id=17720, stack(0x0000002c70100000,0x0000002c70200000)]
  0x000001587fb43800 JavaThread "C2 CompilerThread0" daemon [_thread_in_native, id=25416, stack(0x0000002c70200000,0x0000002c70300000)]
=>0x000001587fb44800 JavaThread "C1 CompilerThread0" daemon [_thread_in_vm, id=10736, stack(0x0000002c70300000,0x0000002c70400000)]
  0x000001587fb45800 JavaThread "Sweeper thread" daemon [_thread_blocked, id=23160, stack(0x0000002c70400000,0x0000002c70500000)]
  0x000001587fcfa800 JavaThread "Common-Cleaner" daemon [_thread_blocked, id=10944, stack(0x0000002c70600000,0x0000002c70700000)]
  0x000001587fd48000 JavaThread "C2 CompilerThread1" daemon [_thread_in_native, id=23296, stack(0x0000002c70700000,0x0000002c70800000)]
  0x000001581a841000 JavaThread "C2 CompilerThread2" daemon [_thread_in_native, id=16836, stack(0x0000002c70800000,0x0000002c70900000)]

Other Threads:
  0x000001587fa6c800 VMThread "VM Thread" [stack: 0x0000002c6fc00000,0x0000002c6fd00000] [id=4708]
  0x000001587fcde000 WatcherThread [stack: 0x0000002c70500000,0x0000002c70600000] [id=3148]
  0x0000015879917800 GCTaskThread "GC Thread#0" [stack: 0x0000002c6f700000,0x0000002c6f800000] [id=16964]
  0x0000015819bfe800 GCTaskThread "GC Thread#1" [stack: 0x0000002c70900000,0x0000002c70a00000] [id=12164]
  0x0000015819bea800 GCTaskThread "GC Thread#2" [stack: 0x0000002c70a00000,0x0000002c70b00000] [id=22936]
  0x0000015819beb800 GCTaskThread "GC Thread#3" [stack: 0x0000002c70b00000,0x0000002c70c00000] [id=24676]
  0x0000015819bca800 GCTaskThread "GC Thread#4" [stack: 0x0000002c70c00000,0x0000002c70d00000] [id=23904]
  0x0000015819bcb000 GCTaskThread "GC Thread#5" [stack: 0x0000002c70d00000,0x0000002c70e00000] [id=15124]
  0x0000015879975000 ConcurrentGCThread "G1 Main Marker" [stack: 0x0000002c6f800000,0x0000002c6f900000] [id=16524]
  0x0000015879977800 ConcurrentGCThread "G1 Conc#0" [stack: 0x0000002c6f900000,0x0000002c6fa00000] [id=18892]
  0x0000015819be2800 ConcurrentGCThread "G1 Conc#1" [stack: 0x0000002c70e00000,0x0000002c70f00000] [id=24928]
  0x000001587f94d000 ConcurrentGCThread "G1 Refine#0" [stack: 0x0000002c6fa00000,0x0000002c6fb00000] [id=25164]
  0x000001581ae49000 ConcurrentGCThread "G1 Refine#1" [stack: 0x0000002c70f00000,0x0000002c71000000] [id=12544]
  0x000001581ae4a800 ConcurrentGCThread "G1 Refine#2" [stack: 0x0000002c71000000,0x0000002c71100000] [id=1632]
  0x000001581ae4a000 ConcurrentGCThread "G1 Refine#3" [stack: 0x0000002c71100000,0x0000002c71200000] [id=992]
  0x000001587f94e000 ConcurrentGCThread "G1 Young RemSet Sampling" [stack: 0x0000002c6fb00000,0x0000002c6fc00000] [id=25192]

Threads with active compile tasks:
C2 CompilerThread0   3864 3576   !   4       jdk.internal.loader.BuiltinClassLoader::findClassOnClassPathOrNull (64 bytes)
C1 CompilerThread0   3864 4308       2       org.jetbrains.kotlin.resolve.scopes.LexicalChainedScope::getContributedClassifierIncludeDeprecated (236 bytes)
C2 CompilerThread1   3864 3819       4       org.jetbrains.kotlin.com.intellij.lang.impl.PsiBuilderImpl::insertLeaves (88 bytes)
C2 CompilerThread2   3864 4256 %     4       org.jetbrains.kotlin.load.java.structure.impl.classFiles.BinaryClassSignatureParser::parseParameterizedClassRefSignature @ 26 (275 bytes)

VM state:not at safepoint (normal execution)

VM Mutex/Monitor currently owned by a thread: None

Heap address: 0x0000000702600000, size: 4058 MB, Compressed Oops mode: Zero based, Oop shift amount: 3
Narrow klass base: 0x0000000800000000, Narrow klass shift: 0
Compressed class space size: 1073741824 Address: 0x0000000800000000

Heap:
 garbage-first heap   total 260096K, used 100688K [0x0000000702600000, 0x0000000800000000)
  region size 1024K, 81 young (82944K), 3 survivors (3072K)
 Metaspace       used 45765K, capacity 46161K, committed 46256K, reserved 1089536K
  class space    used 5354K, capacity 5532K, committed 5552K, reserved 1048576K
Heap Regions: E=young(eden), S=young(survivor), O=old, HS=humongous(starts), HC=humongous(continues), CS=collection set, F=free, A=archive, TAMS=top-at-mark-start (previous, next)
|   0|0x0000000702600000, 0x0000000702700000, 0x0000000702700000|100%|HS|  |TAMS 0x0000000702700000, 0x0000000702600000| Complete 
|   1|0x0000000702700000, 0x0000000702800000, 0x0000000702800000|100%|HC|  |TAMS 0x0000000702800000, 0x0000000702700000| Complete 
|   2|0x0000000702800000, 0x0000000702900000, 0x0000000702900000|100%|HC|  |TAMS 0x0000000702900000, 0x0000000702800000| Complete 
|   3|0x0000000702900000, 0x0000000702a00000, 0x0000000702a00000|100%| O|  |TAMS 0x0000000702a00000, 0x0000000702900000| Untracked 
|   4|0x0000000702a00000, 0x0000000702b00000, 0x0000000702b00000|100%| O|  |TAMS 0x0000000702b00000, 0x0000000702a00000| Untracked 
|   5|0x0000000702b00000, 0x0000000702c00000, 0x0000000702c00000|100%| O|  |TAMS 0x0000000702c00000, 0x0000000702b00000| Untracked 
|   6|0x0000000702c00000, 0x0000000702d00000, 0x0000000702d00000|100%| O|  |TAMS 0x0000000702d00000, 0x0000000702c00000| Untracked 
|   7|0x0000000702d00000, 0x0000000702e00000, 0x0000000702e00000|100%|HS|  |TAMS 0x0000000702e00000, 0x0000000702d00000| Complete 
|   8|0x0000000702e00000, 0x0000000702f00000, 0x0000000702f00000|100%|HC|  |TAMS 0x0000000702f00000, 0x0000000702e00000| Complete 
|   9|0x0000000702f00000, 0x0000000703000000, 0x0000000703000000|100%| O|  |TAMS 0x0000000703000000, 0x0000000702f00000| Untracked 
|  10|0x0000000703000000, 0x0000000703100000, 0x0000000703100000|100%| O|  |TAMS 0x0000000703100000, 0x0000000703000000| Untracked 
|  11|0x0000000703100000, 0x0000000703200000, 0x0000000703200000|100%| O|  |TAMS 0x0000000703200000, 0x0000000703100000| Untracked 
|  12|0x0000000703200000, 0x0000000703300000, 0x0000000703300000|100%| O|  |TAMS 0x0000000703300000, 0x0000000703200000| Untracked 
|  13|0x0000000703300000, 0x0000000703400000, 0x0000000703400000|100%| O|  |TAMS 0x0000000703400000, 0x0000000703300000| Untracked 
|  14|0x0000000703400000, 0x0000000703500000, 0x0000000703500000|100%| O|  |TAMS 0x0000000703500000, 0x0000000703400000| Untracked 
|  15|0x0000000703500000, 0x0000000703600000, 0x0000000703600000|100%| O|  |TAMS 0x0000000703600000, 0x0000000703500000| Untracked 
|  16|0x0000000703600000, 0x0000000703700000, 0x0000000703700000|100%| O|  |TAMS 0x0000000703700000, 0x0000000703600000| Untracked 
|  17|0x0000000703700000, 0x00000007037d1a00, 0x0000000703800000| 81%| O|  |TAMS 0x00000007037d1a00, 0x0000000703700000| Untracked 
|  18|0x0000000703800000, 0x0000000703900000, 0x0000000703900000|100%|HS|  |TAMS 0x0000000703800000, 0x0000000703800000| Complete 
|  19|0x0000000703900000, 0x0000000703900000, 0x0000000703a00000|  0%| F|  |TAMS 0x0000000703900000, 0x0000000703900000| Untracked 
|  20|0x0000000703a00000, 0x0000000703a00000, 0x0000000703b00000|  0%| F|  |TAMS 0x0000000703a00000, 0x0000000703a00000| Untracked 
|  21|0x0000000703b00000, 0x0000000703b00000, 0x0000000703c00000|  0%| F|  |TAMS 0x0000000703b00000, 0x0000000703b00000| Untracked 
|  22|0x0000000703c00000, 0x0000000703c00000, 0x0000000703d00000|  0%| F|  |TAMS 0x0000000703c00000, 0x0000000703c00000| Untracked 
|  23|0x0000000703d00000, 0x0000000703d00000, 0x0000000703e00000|  0%| F|  |TAMS 0x0000000703d00000, 0x0000000703d00000| Untracked 
|  24|0x0000000703e00000, 0x0000000703e00000, 0x0000000703f00000|  0%| F|  |TAMS 0x0000000703e00000, 0x0000000703e00000| Untracked 
|  25|0x0000000703f00000, 0x0000000703f00000, 0x0000000704000000|  0%| F|  |TAMS 0x0000000703f00000, 0x0000000703f00000| Untracked 
|  26|0x0000000704000000, 0x0000000704000000, 0x0000000704100000|  0%| F|  |TAMS 0x0000000704000000, 0x0000000704000000| Untracked 
|  27|0x0000000704100000, 0x0000000704100000, 0x0000000704200000|  0%| F|  |TAMS 0x0000000704100000, 0x0000000704100000| Untracked 
|  28|0x0000000704200000, 0x0000000704200000, 0x0000000704300000|  0%| F|  |TAMS 0x0000000704200000, 0x0000000704200000| Untracked 
|  29|0x0000000704300000, 0x0000000704300000, 0x0000000704400000|  0%| F|  |TAMS 0x0000000704300000, 0x0000000704300000| Untracked 
|  30|0x0000000704400000, 0x0000000704400000, 0x0000000704500000|  0%| F|  |TAMS 0x0000000704400000, 0x0000000704400000| Untracked 
|  31|0x0000000704500000, 0x0000000704500000, 0x0000000704600000|  0%| F|  |TAMS 0x0000000704500000, 0x0000000704500000| Untracked 
|  32|0x0000000704600000, 0x0000000704600000, 0x0000000704700000|  0%| F|  |TAMS 0x0000000704600000, 0x0000000704600000| Untracked 
|  33|0x0000000704700000, 0x0000000704700000, 0x0000000704800000|  0%| F|  |TAMS 0x0000000704700000, 0x0000000704700000| Untracked 
|  34|0x0000000704800000, 0x0000000704800000, 0x0000000704900000|  0%| F|  |TAMS 0x0000000704800000, 0x0000000704800000| Untracked 
|  35|0x0000000704900000, 0x0000000704900000, 0x0000000704a00000|  0%| F|  |TAMS 0x0000000704900000, 0x0000000704900000| Untracked 
|  36|0x0000000704a00000, 0x0000000704a00000, 0x0000000704b00000|  0%| F|  |TAMS 0x0000000704a00000, 0x0000000704a00000| Untracked 
|  37|0x0000000704b00000, 0x0000000704b00000, 0x0000000704c00000|  0%| F|  |TAMS 0x0000000704b00000, 0x0000000704b00000| Untracked 
|  38|0x0000000704c00000, 0x0000000704c00000, 0x0000000704d00000|  0%| F|  |TAMS 0x0000000704c00000, 0x0000000704c00000| Untracked 
|  39|0x0000000704d00000, 0x0000000704d00000, 0x0000000704e00000|  0%| F|  |TAMS 0x0000000704d00000, 0x0000000704d00000| Untracked 
|  40|0x0000000704e00000, 0x0000000704e00000, 0x0000000704f00000|  0%| F|  |TAMS 0x0000000704e00000, 0x0000000704e00000| Untracked 
|  41|0x0000000704f00000, 0x0000000704f00000, 0x0000000705000000|  0%| F|  |TAMS 0x0000000704f00000, 0x0000000704f00000| Untracked 
|  42|0x0000000705000000, 0x0000000705000000, 0x0000000705100000|  0%| F|  |TAMS 0x0000000705000000, 0x0000000705000000| Untracked 
|  43|0x0000000705100000, 0x0000000705100000, 0x0000000705200000|  0%| F|  |TAMS 0x0000000705100000, 0x0000000705100000| Untracked 
|  44|0x0000000705200000, 0x0000000705200000, 0x0000000705300000|  0%| F|  |TAMS 0x0000000705200000, 0x0000000705200000| Untracked 
|  45|0x0000000705300000, 0x0000000705300000, 0x0000000705400000|  0%| F|  |TAMS 0x0000000705300000, 0x0000000705300000| Untracked 
|  46|0x0000000705400000, 0x0000000705400000, 0x0000000705500000|  0%| F|  |TAMS 0x0000000705400000, 0x0000000705400000| Untracked 
|  47|0x0000000705500000, 0x0000000705500000, 0x0000000705600000|  0%| F|  |TAMS 0x0000000705500000, 0x0000000705500000| Untracked 
|  48|0x0000000705600000, 0x0000000705600000, 0x0000000705700000|  0%| F|  |TAMS 0x0000000705600000, 0x0000000705600000| Untracked 
|  49|0x0000000705700000, 0x0000000705700000, 0x0000000705800000|  0%| F|  |TAMS 0x0000000705700000, 0x0000000705700000| Untracked 
|  50|0x0000000705800000, 0x0000000705800000, 0x0000000705900000|  0%| F|  |TAMS 0x0000000705800000, 0x0000000705800000| Untracked 
|  51|0x0000000705900000, 0x0000000705900000, 0x0000000705a00000|  0%| F|  |TAMS 0x0000000705900000, 0x0000000705900000| Untracked 
|  52|0x0000000705a00000, 0x0000000705a00000, 0x0000000705b00000|  0%| F|  |TAMS 0x0000000705a00000, 0x0000000705a00000| Untracked 
|  53|0x0000000705b00000, 0x0000000705b00000, 0x0000000705c00000|  0%| F|  |TAMS 0x0000000705b00000, 0x0000000705b00000| Untracked 
|  54|0x0000000705c00000, 0x0000000705c00000, 0x0000000705d00000|  0%| F|  |TAMS 0x0000000705c00000, 0x0000000705c00000| Untracked 
|  55|0x0000000705d00000, 0x0000000705d00000, 0x0000000705e00000|  0%| F|  |TAMS 0x0000000705d00000, 0x0000000705d00000| Untracked 
|  56|0x0000000705e00000, 0x0000000705e00000, 0x0000000705f00000|  0%| F|  |TAMS 0x0000000705e00000, 0x0000000705e00000| Untracked 
|  57|0x0000000705f00000, 0x0000000705f00000, 0x0000000706000000|  0%| F|  |TAMS 0x0000000705f00000, 0x0000000705f00000| Untracked 
|  58|0x0000000706000000, 0x0000000706000000, 0x0000000706100000|  0%| F|  |TAMS 0x0000000706000000, 0x0000000706000000| Untracked 
|  59|0x0000000706100000, 0x0000000706100000, 0x0000000706200000|  0%| F|  |TAMS 0x0000000706100000, 0x0000000706100000| Untracked 
|  60|0x0000000706200000, 0x0000000706200000, 0x0000000706300000|  0%| F|  |TAMS 0x0000000706200000, 0x0000000706200000| Untracked 
|  61|0x0000000706300000, 0x0000000706300000, 0x0000000706400000|  0%| F|  |TAMS 0x0000000706300000, 0x0000000706300000| Untracked 
|  62|0x0000000706400000, 0x0000000706400000, 0x0000000706500000|  0%| F|  |TAMS 0x0000000706400000, 0x0000000706400000| Untracked 
|  63|0x0000000706500000, 0x0000000706500000, 0x0000000706600000|  0%| F|  |TAMS 0x0000000706500000, 0x0000000706500000| Untracked 
|  64|0x0000000706600000, 0x0000000706600000, 0x0000000706700000|  0%| F|  |TAMS 0x0000000706600000, 0x0000000706600000| Untracked 
|  65|0x0000000706700000, 0x0000000706700000, 0x0000000706800000|  0%| F|  |TAMS 0x0000000706700000, 0x0000000706700000| Untracked 
|  66|0x0000000706800000, 0x0000000706800000, 0x0000000706900000|  0%| F|  |TAMS 0x0000000706800000, 0x0000000706800000| Untracked 
|  67|0x0000000706900000, 0x0000000706900000, 0x0000000706a00000|  0%| F|  |TAMS 0x0000000706900000, 0x0000000706900000| Untracked 
|  68|0x0000000706a00000, 0x0000000706a00000, 0x0000000706b00000|  0%| F|  |TAMS 0x0000000706a00000, 0x0000000706a00000| Untracked 
|  69|0x0000000706b00000, 0x0000000706b00000, 0x0000000706c00000|  0%| F|  |TAMS 0x0000000706b00000, 0x0000000706b00000| Untracked 
|  70|0x0000000706c00000, 0x0000000706c00000, 0x0000000706d00000|  0%| F|  |TAMS 0x0000000706c00000, 0x0000000706c00000| Untracked 
|  71|0x0000000706d00000, 0x0000000706d00000, 0x0000000706e00000|  0%| F|  |TAMS 0x0000000706d00000, 0x0000000706d00000| Untracked 
|  72|0x0000000706e00000, 0x0000000706e00000, 0x0000000706f00000|  0%| F|  |TAMS 0x0000000706e00000, 0x0000000706e00000| Untracked 
|  73|0x0000000706f00000, 0x0000000706f00000, 0x0000000707000000|  0%| F|  |TAMS 0x0000000706f00000, 0x0000000706f00000| Untracked 
|  74|0x0000000707000000, 0x0000000707000000, 0x0000000707100000|  0%| F|  |TAMS 0x0000000707000000, 0x0000000707000000| Untracked 
|  75|0x0000000707100000, 0x0000000707100000, 0x0000000707200000|  0%| F|  |TAMS 0x0000000707100000, 0x0000000707100000| Untracked 
|  76|0x0000000707200000, 0x0000000707200000, 0x0000000707300000|  0%| F|  |TAMS 0x0000000707200000, 0x0000000707200000| Untracked 
|  77|0x0000000707300000, 0x0000000707300000, 0x0000000707400000|  0%| F|  |TAMS 0x0000000707300000, 0x0000000707300000| Untracked 
|  78|0x0000000707400000, 0x0000000707400000, 0x0000000707500000|  0%| F|  |TAMS 0x0000000707400000, 0x0000000707400000| Untracked 
|  79|0x0000000707500000, 0x0000000707500000, 0x0000000707600000|  0%| F|  |TAMS 0x0000000707500000, 0x0000000707500000| Untracked 
|  80|0x0000000707600000, 0x0000000707600000, 0x0000000707700000|  0%| F|  |TAMS 0x0000000707600000, 0x0000000707600000| Untracked 
|  81|0x0000000707700000, 0x0000000707700000, 0x0000000707800000|  0%| F|  |TAMS 0x0000000707700000, 0x0000000707700000| Untracked 
|  82|0x0000000707800000, 0x0000000707800000, 0x0000000707900000|  0%| F|  |TAMS 0x0000000707800000, 0x0000000707800000| Untracked 
|  83|0x0000000707900000, 0x0000000707900000, 0x0000000707a00000|  0%| F|  |TAMS 0x0000000707900000, 0x0000000707900000| Untracked 
|  84|0x0000000707a00000, 0x0000000707a00000, 0x0000000707b00000|  0%| F|  |TAMS 0x0000000707a00000, 0x0000000707a00000| Untracked 
|  85|0x0000000707b00000, 0x0000000707b00000, 0x0000000707c00000|  0%| F|  |TAMS 0x0000000707b00000, 0x0000000707b00000| Untracked 
|  86|0x0000000707c00000, 0x0000000707c00000, 0x0000000707d00000|  0%| F|  |TAMS 0x0000000707c00000, 0x0000000707c00000| Untracked 
|  87|0x0000000707d00000, 0x0000000707d00000, 0x0000000707e00000|  0%| F|  |TAMS 0x0000000707d00000, 0x0000000707d00000| Untracked 
|  88|0x0000000707e00000, 0x0000000707e00000, 0x0000000707f00000|  0%| F|  |TAMS 0x0000000707e00000, 0x0000000707e00000| Untracked 
|  89|0x0000000707f00000, 0x0000000707f00000, 0x0000000708000000|  0%| F|  |TAMS 0x0000000707f00000, 0x0000000707f00000| Untracked 
|  90|0x0000000708000000, 0x0000000708000000, 0x0000000708100000|  0%| F|  |TAMS 0x0000000708000000, 0x0000000708000000| Untracked 
|  91|0x0000000708100000, 0x0000000708100000, 0x0000000708200000|  0%| F|  |TAMS 0x0000000708100000, 0x0000000708100000| Untracked 
|  92|0x0000000708200000, 0x0000000708200000, 0x0000000708300000|  0%| F|  |TAMS 0x0000000708200000, 0x0000000708200000| Untracked 
|  93|0x0000000708300000, 0x0000000708300000, 0x0000000708400000|  0%| F|  |TAMS 0x0000000708300000, 0x0000000708300000| Untracked 
|  94|0x0000000708400000, 0x0000000708400000, 0x0000000708500000|  0%| F|  |TAMS 0x0000000708400000, 0x0000000708400000| Untracked 
|  95|0x0000000708500000, 0x0000000708500000, 0x0000000708600000|  0%| F|  |TAMS 0x0000000708500000, 0x0000000708500000| Untracked 
|  96|0x0000000708600000, 0x0000000708600000, 0x0000000708700000|  0%| F|  |TAMS 0x0000000708600000, 0x0000000708600000| Untracked 
|  97|0x0000000708700000, 0x0000000708700000, 0x0000000708800000|  0%| F|  |TAMS 0x0000000708700000, 0x0000000708700000| Untracked 
|  98|0x0000000708800000, 0x0000000708800000, 0x0000000708900000|  0%| F|  |TAMS 0x0000000708800000, 0x0000000708800000| Untracked 
|  99|0x0000000708900000, 0x0000000708900000, 0x0000000708a00000|  0%| F|  |TAMS 0x0000000708900000, 0x0000000708900000| Untracked 
| 100|0x0000000708a00000, 0x0000000708a00000, 0x0000000708b00000|  0%| F|  |TAMS 0x0000000708a00000, 0x0000000708a00000| Untracked 
| 101|0x0000000708b00000, 0x0000000708b00000, 0x0000000708c00000|  0%| F|  |TAMS 0x0000000708b00000, 0x0000000708b00000| Untracked 
| 102|0x0000000708c00000, 0x0000000708c00000, 0x0000000708d00000|  0%| F|  |TAMS 0x0000000708c00000, 0x0000000708c00000| Untracked 
| 103|0x0000000708d00000, 0x0000000708d00000, 0x0000000708e00000|  0%| F|  |TAMS 0x0000000708d00000, 0x0000000708d00000| Untracked 
| 104|0x0000000708e00000, 0x0000000708e00000, 0x0000000708f00000|  0%| F|  |TAMS 0x0000000708e00000, 0x0000000708e00000| Untracked 
| 105|0x0000000708f00000, 0x0000000708f00000, 0x0000000709000000|  0%| F|  |TAMS 0x0000000708f00000, 0x0000000708f00000| Untracked 
| 106|0x0000000709000000, 0x0000000709000000, 0x0000000709100000|  0%| F|  |TAMS 0x0000000709000000, 0x0000000709000000| Untracked 
| 107|0x0000000709100000, 0x0000000709100000, 0x0000000709200000|  0%| F|  |TAMS 0x0000000709100000, 0x0000000709100000| Untracked 
| 108|0x0000000709200000, 0x0000000709200000, 0x0000000709300000|  0%| F|  |TAMS 0x0000000709200000, 0x0000000709200000| Untracked 
| 109|0x0000000709300000, 0x0000000709300000, 0x0000000709400000|  0%| F|  |TAMS 0x0000000709300000, 0x0000000709300000| Untracked 
| 110|0x0000000709400000, 0x0000000709400000, 0x0000000709500000|  0%| F|  |TAMS 0x0000000709400000, 0x0000000709400000| Untracked 
| 111|0x0000000709500000, 0x0000000709500000, 0x0000000709600000|  0%| F|  |TAMS 0x0000000709500000, 0x0000000709500000| Untracked 
| 112|0x0000000709600000, 0x0000000709600000, 0x0000000709700000|  0%| F|  |TAMS 0x0000000709600000, 0x0000000709600000| Untracked 
| 113|0x0000000709700000, 0x0000000709700000, 0x0000000709800000|  0%| F|  |TAMS 0x0000000709700000, 0x0000000709700000| Untracked 
| 114|0x0000000709800000, 0x0000000709800000, 0x0000000709900000|  0%| F|  |TAMS 0x0000000709800000, 0x0000000709800000| Untracked 
| 115|0x0000000709900000, 0x0000000709900000, 0x0000000709a00000|  0%| F|  |TAMS 0x0000000709900000, 0x0000000709900000| Untracked 
| 116|0x0000000709a00000, 0x0000000709a00000, 0x0000000709b00000|  0%| F|  |TAMS 0x0000000709a00000, 0x0000000709a00000| Untracked 
| 117|0x0000000709b00000, 0x0000000709b00000, 0x0000000709c00000|  0%| F|  |TAMS 0x0000000709b00000, 0x0000000709b00000| Untracked 
| 118|0x0000000709c00000, 0x0000000709c00000, 0x0000000709d00000|  0%| F|  |TAMS 0x0000000709c00000, 0x0000000709c00000| Untracked 
| 119|0x0000000709d00000, 0x0000000709d00000, 0x0000000709e00000|  0%| F|  |TAMS 0x0000000709d00000, 0x0000000709d00000| Untracked 
| 120|0x0000000709e00000, 0x0000000709e00000, 0x0000000709f00000|  0%| F|  |TAMS 0x0000000709e00000, 0x0000000709e00000| Untracked 
| 121|0x0000000709f00000, 0x0000000709f00000, 0x000000070a000000|  0%| F|  |TAMS 0x0000000709f00000, 0x0000000709f00000| Untracked 
| 122|0x000000070a000000, 0x000000070a000000, 0x000000070a100000|  0%| F|  |TAMS 0x000000070a000000, 0x000000070a000000| Untracked 
| 123|0x000000070a100000, 0x000000070a100000, 0x000000070a200000|  0%| F|  |TAMS 0x000000070a100000, 0x000000070a100000| Untracked 
| 124|0x000000070a200000, 0x000000070a200000, 0x000000070a300000|  0%| F|  |TAMS 0x000000070a200000, 0x000000070a200000| Untracked 
| 125|0x000000070a300000, 0x000000070a300000, 0x000000070a400000|  0%| F|  |TAMS 0x000000070a300000, 0x000000070a300000| Untracked 
| 126|0x000000070a400000, 0x000000070a400000, 0x000000070a500000|  0%| F|  |TAMS 0x000000070a400000, 0x000000070a400000| Untracked 
| 127|0x000000070a500000, 0x000000070a500000, 0x000000070a600000|  0%| F|  |TAMS 0x000000070a500000, 0x000000070a500000| Untracked 
| 128|0x000000070a600000, 0x000000070a600000, 0x000000070a700000|  0%| F|  |TAMS 0x000000070a600000, 0x000000070a600000| Untracked 
| 129|0x000000070a700000, 0x000000070a700000, 0x000000070a800000|  0%| F|  |TAMS 0x000000070a700000, 0x000000070a700000| Untracked 
| 130|0x000000070a800000, 0x000000070a800000, 0x000000070a900000|  0%| F|  |TAMS 0x000000070a800000, 0x000000070a800000| Untracked 
| 131|0x000000070a900000, 0x000000070a900000, 0x000000070aa00000|  0%| F|  |TAMS 0x000000070a900000, 0x000000070a900000| Untracked 
| 132|0x000000070aa00000, 0x000000070aa00000, 0x000000070ab00000|  0%| F|  |TAMS 0x000000070aa00000, 0x000000070aa00000| Untracked 
| 133|0x000000070ab00000, 0x000000070ab00000, 0x000000070ac00000|  0%| F|  |TAMS 0x000000070ab00000, 0x000000070ab00000| Untracked 
| 134|0x000000070ac00000, 0x000000070ac00000, 0x000000070ad00000|  0%| F|  |TAMS 0x000000070ac00000, 0x000000070ac00000| Untracked 
| 135|0x000000070ad00000, 0x000000070ad00000, 0x000000070ae00000|  0%| F|  |TAMS 0x000000070ad00000, 0x000000070ad00000| Untracked 
| 136|0x000000070ae00000, 0x000000070ae00000, 0x000000070af00000|  0%| F|  |TAMS 0x000000070ae00000, 0x000000070ae00000| Untracked 
| 137|0x000000070af00000, 0x000000070af00000, 0x000000070b000000|  0%| F|  |TAMS 0x000000070af00000, 0x000000070af00000| Untracked 
| 138|0x000000070b000000, 0x000000070b000000, 0x000000070b100000|  0%| F|  |TAMS 0x000000070b000000, 0x000000070b000000| Untracked 
| 139|0x000000070b100000, 0x000000070b100000, 0x000000070b200000|  0%| F|  |TAMS 0x000000070b100000, 0x000000070b100000| Untracked 
| 140|0x000000070b200000, 0x000000070b200000, 0x000000070b300000|  0%| F|  |TAMS 0x000000070b200000, 0x000000070b200000| Untracked 
| 141|0x000000070b300000, 0x000000070b300000, 0x000000070b400000|  0%| F|  |TAMS 0x000000070b300000, 0x000000070b300000| Untracked 
| 142|0x000000070b400000, 0x000000070b400000, 0x000000070b500000|  0%| F|  |TAMS 0x000000070b400000, 0x000000070b400000| Untracked 
| 143|0x000000070b500000, 0x000000070b500000, 0x000000070b600000|  0%| F|  |TAMS 0x000000070b500000, 0x000000070b500000| Untracked 
| 144|0x000000070b600000, 0x000000070b600000, 0x000000070b700000|  0%| F|  |TAMS 0x000000070b600000, 0x000000070b600000| Untracked 
| 145|0x000000070b700000, 0x000000070b700000, 0x000000070b800000|  0%| F|  |TAMS 0x000000070b700000, 0x000000070b700000| Untracked 
| 146|0x000000070b800000, 0x000000070b800000, 0x000000070b900000|  0%| F|  |TAMS 0x000000070b800000, 0x000000070b800000| Untracked 
| 147|0x000000070b900000, 0x000000070b900000, 0x000000070ba00000|  0%| F|  |TAMS 0x000000070b900000, 0x000000070b900000| Untracked 
| 148|0x000000070ba00000, 0x000000070ba00000, 0x000000070bb00000|  0%| F|  |TAMS 0x000000070ba00000, 0x000000070ba00000| Untracked 
| 149|0x000000070bb00000, 0x000000070bb00000, 0x000000070bc00000|  0%| F|  |TAMS 0x000000070bb00000, 0x000000070bb00000| Untracked 
| 150|0x000000070bc00000, 0x000000070bc00000, 0x000000070bd00000|  0%| F|  |TAMS 0x000000070bc00000, 0x000000070bc00000| Untracked 
| 151|0x000000070bd00000, 0x000000070bd00000, 0x000000070be00000|  0%| F|  |TAMS 0x000000070bd00000, 0x000000070bd00000| Untracked 
| 152|0x000000070be00000, 0x000000070be00000, 0x000000070bf00000|  0%| F|  |TAMS 0x000000070be00000, 0x000000070be00000| Untracked 
| 153|0x000000070bf00000, 0x000000070bf00000, 0x000000070c000000|  0%| F|  |TAMS 0x000000070bf00000, 0x000000070bf00000| Untracked 
| 154|0x000000070c000000, 0x000000070c000000, 0x000000070c100000|  0%| F|  |TAMS 0x000000070c000000, 0x000000070c000000| Untracked 
| 155|0x000000070c100000, 0x000000070c100000, 0x000000070c200000|  0%| F|  |TAMS 0x000000070c100000, 0x000000070c100000| Untracked 
| 156|0x000000070c200000, 0x000000070c200000, 0x000000070c300000|  0%| F|  |TAMS 0x000000070c200000, 0x000000070c200000| Untracked 
| 157|0x000000070c300000, 0x000000070c300000, 0x000000070c400000|  0%| F|  |TAMS 0x000000070c300000, 0x000000070c300000| Untracked 
| 158|0x000000070c400000, 0x000000070c400000, 0x000000070c500000|  0%| F|  |TAMS 0x000000070c400000, 0x000000070c400000| Untracked 
| 159|0x000000070c500000, 0x000000070c500000, 0x000000070c600000|  0%| F|  |TAMS 0x000000070c500000, 0x000000070c500000| Untracked 
| 160|0x000000070c600000, 0x000000070c600000, 0x000000070c700000|  0%| F|  |TAMS 0x000000070c600000, 0x000000070c600000| Untracked 
| 161|0x000000070c700000, 0x000000070c700000, 0x000000070c800000|  0%| F|  |TAMS 0x000000070c700000, 0x000000070c700000| Untracked 
| 162|0x000000070c800000, 0x000000070c800000, 0x000000070c900000|  0%| F|  |TAMS 0x000000070c800000, 0x000000070c800000| Untracked 
| 163|0x000000070c900000, 0x000000070c900000, 0x000000070ca00000|  0%| F|  |TAMS 0x000000070c900000, 0x000000070c900000| Untracked 
| 164|0x000000070ca00000, 0x000000070ca00000, 0x000000070cb00000|  0%| F|  |TAMS 0x000000070ca00000, 0x000000070ca00000| Untracked 
| 165|0x000000070cb00000, 0x000000070cb00000, 0x000000070cc00000|  0%| F|  |TAMS 0x000000070cb00000, 0x000000070cb00000| Untracked 
| 166|0x000000070cc00000, 0x000000070cc00000, 0x000000070cd00000|  0%| F|  |TAMS 0x000000070cc00000, 0x000000070cc00000| Untracked 
| 167|0x000000070cd00000, 0x000000070cd00000, 0x000000070ce00000|  0%| F|  |TAMS 0x000000070cd00000, 0x000000070cd00000| Untracked 
| 168|0x000000070ce00000, 0x000000070ce00000, 0x000000070cf00000|  0%| F|  |TAMS 0x000000070ce00000, 0x000000070ce00000| Untracked 
| 169|0x000000070cf00000, 0x000000070cf00000, 0x000000070d000000|  0%| F|  |TAMS 0x000000070cf00000, 0x000000070cf00000| Untracked 
| 170|0x000000070d000000, 0x000000070d000000, 0x000000070d100000|  0%| F|  |TAMS 0x000000070d000000, 0x000000070d000000| Untracked 
| 171|0x000000070d100000, 0x000000070d100000, 0x000000070d200000|  0%| F|  |TAMS 0x000000070d100000, 0x000000070d100000| Untracked 
| 172|0x000000070d200000, 0x000000070d200000, 0x000000070d300000|  0%| F|  |TAMS 0x000000070d200000, 0x000000070d200000| Untracked 
| 173|0x000000070d300000, 0x000000070d400000, 0x000000070d400000|100%| E|  |TAMS 0x000000070d300000, 0x000000070d300000| Complete 
| 174|0x000000070d400000, 0x000000070d500000, 0x000000070d500000|100%| E|CS|TAMS 0x000000070d400000, 0x000000070d400000| Complete 
| 175|0x000000070d500000, 0x000000070d600000, 0x000000070d600000|100%| E|CS|TAMS 0x000000070d500000, 0x000000070d500000| Complete 
| 176|0x000000070d600000, 0x000000070d700000, 0x000000070d700000|100%| E|CS|TAMS 0x000000070d600000, 0x000000070d600000| Complete 
| 177|0x000000070d700000, 0x000000070d800000, 0x000000070d800000|100%| E|CS|TAMS 0x000000070d700000, 0x000000070d700000| Complete 
| 178|0x000000070d800000, 0x000000070d900000, 0x000000070d900000|100%| E|CS|TAMS 0x000000070d800000, 0x000000070d800000| Complete 
| 179|0x000000070d900000, 0x000000070da00000, 0x000000070da00000|100%| E|CS|TAMS 0x000000070d900000, 0x000000070d900000| Complete 
| 180|0x000000070da00000, 0x000000070db00000, 0x000000070db00000|100%| E|CS|TAMS 0x000000070da00000, 0x000000070da00000| Complete 
| 181|0x000000070db00000, 0x000000070dc00000, 0x000000070dc00000|100%| E|CS|TAMS 0x000000070db00000, 0x000000070db00000| Complete 
| 182|0x000000070dc00000, 0x000000070dd00000, 0x000000070dd00000|100%| E|CS|TAMS 0x000000070dc00000, 0x000000070dc00000| Complete 
| 183|0x000000070dd00000, 0x000000070de00000, 0x000000070de00000|100%| E|CS|TAMS 0x000000070dd00000, 0x000000070dd00000| Complete 
| 184|0x000000070de00000, 0x000000070df00000, 0x000000070df00000|100%| E|CS|TAMS 0x000000070de00000, 0x000000070de00000| Complete 
| 185|0x000000070df00000, 0x000000070e000000, 0x000000070e000000|100%| E|CS|TAMS 0x000000070df00000, 0x000000070df00000| Complete 
| 186|0x000000070e000000, 0x000000070e100000, 0x000000070e100000|100%| E|CS|TAMS 0x000000070e000000, 0x000000070e000000| Complete 
| 187|0x000000070e100000, 0x000000070e200000, 0x000000070e200000|100%| E|CS|TAMS 0x000000070e100000, 0x000000070e100000| Complete 
| 188|0x000000070e200000, 0x000000070e300000, 0x000000070e300000|100%| E|CS|TAMS 0x000000070e200000, 0x000000070e200000| Complete 
| 189|0x000000070e300000, 0x000000070e400000, 0x000000070e400000|100%| E|CS|TAMS 0x000000070e300000, 0x000000070e300000| Complete 
| 190|0x000000070e400000, 0x000000070e500000, 0x000000070e500000|100%| E|CS|TAMS 0x000000070e400000, 0x000000070e400000| Complete 
| 191|0x000000070e500000, 0x000000070e600000, 0x000000070e600000|100%| E|CS|TAMS 0x000000070e500000, 0x000000070e500000| Complete 
| 192|0x000000070e600000, 0x000000070e700000, 0x000000070e700000|100%| E|CS|TAMS 0x000000070e600000, 0x000000070e600000| Complete 
| 193|0x000000070e700000, 0x000000070e800000, 0x000000070e800000|100%| E|CS|TAMS 0x000000070e700000, 0x000000070e700000| Complete 
| 194|0x000000070e800000, 0x000000070e900000, 0x000000070e900000|100%| E|CS|TAMS 0x000000070e800000, 0x000000070e800000| Complete 
| 195|0x000000070e900000, 0x000000070ea00000, 0x000000070ea00000|100%| E|CS|TAMS 0x000000070e900000, 0x000000070e900000| Complete 
| 196|0x000000070ea00000, 0x000000070eb00000, 0x000000070eb00000|100%| E|CS|TAMS 0x000000070ea00000, 0x000000070ea00000| Complete 
| 197|0x000000070eb00000, 0x000000070ec00000, 0x000000070ec00000|100%| E|CS|TAMS 0x000000070eb00000, 0x000000070eb00000| Complete 
| 198|0x000000070ec00000, 0x000000070ed00000, 0x000000070ed00000|100%| E|CS|TAMS 0x000000070ec00000, 0x000000070ec00000| Complete 
| 199|0x000000070ed00000, 0x000000070ee00000, 0x000000070ee00000|100%| E|CS|TAMS 0x000000070ed00000, 0x000000070ed00000| Complete 
| 200|0x000000070ee00000, 0x000000070ef00000, 0x000000070ef00000|100%| E|CS|TAMS 0x000000070ee00000, 0x000000070ee00000| Complete 
| 201|0x000000070ef00000, 0x000000070f000000, 0x000000070f000000|100%| E|CS|TAMS 0x000000070ef00000, 0x000000070ef00000| Complete 
| 202|0x000000070f000000, 0x000000070f100000, 0x000000070f100000|100%| E|CS|TAMS 0x000000070f000000, 0x000000070f000000| Complete 
| 203|0x000000070f100000, 0x000000070f200000, 0x000000070f200000|100%| E|CS|TAMS 0x000000070f100000, 0x000000070f100000| Complete 
| 204|0x000000070f200000, 0x000000070f300000, 0x000000070f300000|100%| E|CS|TAMS 0x000000070f200000, 0x000000070f200000| Complete 
| 205|0x000000070f300000, 0x000000070f400000, 0x000000070f400000|100%| E|CS|TAMS 0x000000070f300000, 0x000000070f300000| Complete 
| 206|0x000000070f400000, 0x000000070f500000, 0x000000070f500000|100%| E|CS|TAMS 0x000000070f400000, 0x000000070f400000| Complete 
| 207|0x000000070f500000, 0x000000070f600000, 0x000000070f600000|100%| E|CS|TAMS 0x000000070f500000, 0x000000070f500000| Complete 
| 208|0x000000070f600000, 0x000000070f700000, 0x000000070f700000|100%| E|CS|TAMS 0x000000070f600000, 0x000000070f600000| Complete 
| 209|0x000000070f700000, 0x000000070f800000, 0x000000070f800000|100%| E|CS|TAMS 0x000000070f700000, 0x000000070f700000| Complete 
| 210|0x000000070f800000, 0x000000070f900000, 0x000000070f900000|100%| E|CS|TAMS 0x000000070f800000, 0x000000070f800000| Complete 
| 211|0x000000070f900000, 0x000000070fa00000, 0x000000070fa00000|100%| E|CS|TAMS 0x000000070f900000, 0x000000070f900000| Complete 
| 212|0x000000070fa00000, 0x000000070fb00000, 0x000000070fb00000|100%| E|CS|TAMS 0x000000070fa00000, 0x000000070fa00000| Complete 
| 213|0x000000070fb00000, 0x000000070fc00000, 0x000000070fc00000|100%| E|CS|TAMS 0x000000070fb00000, 0x000000070fb00000| Complete 
| 214|0x000000070fc00000, 0x000000070fd00000, 0x000000070fd00000|100%| E|CS|TAMS 0x000000070fc00000, 0x000000070fc00000| Complete 
| 215|0x000000070fd00000, 0x000000070fe00000, 0x000000070fe00000|100%| E|CS|TAMS 0x000000070fd00000, 0x000000070fd00000| Complete 
| 216|0x000000070fe00000, 0x000000070ff00000, 0x000000070ff00000|100%| E|CS|TAMS 0x000000070fe00000, 0x000000070fe00000| Complete 
| 217|0x000000070ff00000, 0x0000000710000000, 0x0000000710000000|100%| E|CS|TAMS 0x000000070ff00000, 0x000000070ff00000| Complete 
| 218|0x0000000710000000, 0x0000000710100000, 0x0000000710100000|100%| E|CS|TAMS 0x0000000710000000, 0x0000000710000000| Complete 
| 219|0x0000000710100000, 0x0000000710200000, 0x0000000710200000|100%| E|CS|TAMS 0x0000000710100000, 0x0000000710100000| Complete 
| 220|0x0000000710200000, 0x0000000710300000, 0x0000000710300000|100%| E|CS|TAMS 0x0000000710200000, 0x0000000710200000| Complete 
| 221|0x0000000710300000, 0x0000000710400000, 0x0000000710400000|100%| E|CS|TAMS 0x0000000710300000, 0x0000000710300000| Complete 
| 222|0x0000000710400000, 0x0000000710500000, 0x0000000710500000|100%| E|CS|TAMS 0x0000000710400000, 0x0000000710400000| Complete 
| 223|0x0000000710500000, 0x0000000710600000, 0x0000000710600000|100%| E|CS|TAMS 0x0000000710500000, 0x0000000710500000| Complete 
| 224|0x0000000710600000, 0x0000000710700000, 0x0000000710700000|100%| E|CS|TAMS 0x0000000710600000, 0x0000000710600000| Complete 
| 225|0x0000000710700000, 0x0000000710800000, 0x0000000710800000|100%| E|CS|TAMS 0x0000000710700000, 0x0000000710700000| Complete 
| 226|0x0000000710800000, 0x0000000710900000, 0x0000000710900000|100%| E|CS|TAMS 0x0000000710800000, 0x0000000710800000| Complete 
| 227|0x0000000710900000, 0x0000000710a00000, 0x0000000710a00000|100%| E|CS|TAMS 0x0000000710900000, 0x0000000710900000| Complete 
| 228|0x0000000710a00000, 0x0000000710b00000, 0x0000000710b00000|100%| E|CS|TAMS 0x0000000710a00000, 0x0000000710a00000| Complete 
| 229|0x0000000710b00000, 0x0000000710c00000, 0x0000000710c00000|100%| E|CS|TAMS 0x0000000710b00000, 0x0000000710b00000| Complete 
| 230|0x0000000710c00000, 0x0000000710d00000, 0x0000000710d00000|100%| E|CS|TAMS 0x0000000710c00000, 0x0000000710c00000| Complete 
| 231|0x0000000710d00000, 0x0000000710e00000, 0x0000000710e00000|100%| E|CS|TAMS 0x0000000710d00000, 0x0000000710d00000| Complete 
| 232|0x0000000710e00000, 0x0000000710f00000, 0x0000000710f00000|100%| E|CS|TAMS 0x0000000710e00000, 0x0000000710e00000| Complete 
| 233|0x0000000710f00000, 0x0000000711000000, 0x0000000711000000|100%| E|CS|TAMS 0x0000000710f00000, 0x0000000710f00000| Complete 
| 234|0x0000000711000000, 0x0000000711100000, 0x0000000711100000|100%| E|CS|TAMS 0x0000000711000000, 0x0000000711000000| Complete 
| 235|0x0000000711100000, 0x0000000711200000, 0x0000000711200000|100%| E|CS|TAMS 0x0000000711100000, 0x0000000711100000| Complete 
| 236|0x0000000711200000, 0x0000000711300000, 0x0000000711300000|100%| E|CS|TAMS 0x0000000711200000, 0x0000000711200000| Complete 
| 237|0x0000000711300000, 0x0000000711400000, 0x0000000711400000|100%| E|CS|TAMS 0x0000000711300000, 0x0000000711300000| Complete 
| 238|0x0000000711400000, 0x0000000711500000, 0x0000000711500000|100%| E|CS|TAMS 0x0000000711400000, 0x0000000711400000| Complete 
| 239|0x0000000711500000, 0x0000000711600000, 0x0000000711600000|100%| E|CS|TAMS 0x0000000711500000, 0x0000000711500000| Complete 
| 240|0x0000000711600000, 0x0000000711700000, 0x0000000711700000|100%| E|CS|TAMS 0x0000000711600000, 0x0000000711600000| Complete 
| 241|0x0000000711700000, 0x0000000711800000, 0x0000000711800000|100%| E|CS|TAMS 0x0000000711700000, 0x0000000711700000| Complete 
| 242|0x0000000711800000, 0x00000007118826b0, 0x0000000711900000| 50%| S|CS|TAMS 0x0000000711800000, 0x0000000711800000| Complete 
| 243|0x0000000711900000, 0x0000000711a00000, 0x0000000711a00000|100%| S|CS|TAMS 0x0000000711900000, 0x0000000711900000| Complete 
| 244|0x0000000711a00000, 0x0000000711b00000, 0x0000000711b00000|100%| S|CS|TAMS 0x0000000711a00000, 0x0000000711a00000| Complete 
| 245|0x0000000711b00000, 0x0000000711c00000, 0x0000000711c00000|100%| E|CS|TAMS 0x0000000711b00000, 0x0000000711b00000| Complete 
| 246|0x0000000711c00000, 0x0000000711d00000, 0x0000000711d00000|100%| E|CS|TAMS 0x0000000711c00000, 0x0000000711c00000| Complete 
| 247|0x0000000711d00000, 0x0000000711e00000, 0x0000000711e00000|100%| E|CS|TAMS 0x0000000711d00000, 0x0000000711d00000| Complete 
| 248|0x0000000711e00000, 0x0000000711f00000, 0x0000000711f00000|100%| E|CS|TAMS 0x0000000711e00000, 0x0000000711e00000| Complete 
| 249|0x0000000711f00000, 0x0000000712000000, 0x0000000712000000|100%| E|CS|TAMS 0x0000000711f00000, 0x0000000711f00000| Complete 
| 250|0x0000000712000000, 0x0000000712100000, 0x0000000712100000|100%| E|CS|TAMS 0x0000000712000000, 0x0000000712000000| Complete 
| 251|0x0000000712100000, 0x0000000712200000, 0x0000000712200000|100%| E|CS|TAMS 0x0000000712100000, 0x0000000712100000| Complete 
| 252|0x0000000712200000, 0x0000000712300000, 0x0000000712300000|100%| E|CS|TAMS 0x0000000712200000, 0x0000000712200000| Complete 
| 253|0x0000000712300000, 0x0000000712400000, 0x0000000712400000|100%| E|CS|TAMS 0x0000000712300000, 0x0000000712300000| Complete 

Card table byte_map: [0x000001587df20000,0x000001587e710000] _byte_map_base: 0x000001587a70d000

Marking Bits (Prev, Next): (CMBitMap*) 0x00000158799648d8, (CMBitMap*) 0x0000015879964910
 Prev Bits: [0x000001580f000000, 0x0000015812f68000)
 Next Bits: [0x0000015812f70000, 0x0000015816ed8000)

Polling page: 0x00000158778f0000

Metaspace:

Usage:
  Non-class:     39.68 MB capacity,    39.46 MB (>99%) used,   153.70 KB ( <1%) free+waste,    64.38 KB ( <1%) overhead. 
      Class:      5.40 MB capacity,     5.23 MB ( 97%) used,   150.69 KB (  3%) free+waste,    26.81 KB ( <1%) overhead. 
       Both:     45.08 MB capacity,    44.69 MB (>99%) used,   304.38 KB ( <1%) free+waste,    91.19 KB ( <1%) overhead. 

Virtual space:
  Non-class space:       40.00 MB reserved,      39.75 MB (>99%) committed 
      Class space:        1.00 GB reserved,       5.42 MB ( <1%) committed 
             Both:        1.04 GB reserved,      45.17 MB (  4%) committed 

Chunk freelists:
   Non-Class:  11.00 KB
       Class:  4.00 KB
        Both:  15.00 KB

MaxMetaspaceSize: 17179869184.00 GB
CompressedClassSpaceSize: 1.00 GB

CodeHeap 'non-profiled nmethods': size=120000Kb used=1822Kb max_used=1822Kb free=118177Kb
 bounds [0x0000015807ad0000, 0x0000015807d40000, 0x000001580f000000]
CodeHeap 'profiled nmethods': size=120000Kb used=9408Kb max_used=9408Kb free=110591Kb
 bounds [0x00000158005a0000, 0x0000015800ee0000, 0x0000015807ad0000]
CodeHeap 'non-nmethods': size=5760Kb used=1169Kb max_used=1212Kb free=4590Kb
 bounds [0x0000015800000000, 0x0000015800270000, 0x00000158005a0000]
 total_blobs=4759 nmethods=4263 adapters=406
 compilation: enabled
              stopped_count=0, restarted_count=0
 full_count=0

Compilation events (20 events):
Event: 3.796 Thread 0x000001587fb44800 nmethod 4298 0x0000015800ecdf10 code [0x0000015800ece0c0, 0x0000015800ece1e8]
Event: 3.796 Thread 0x000001587fb44800 4299       2       kotlin.collections.CollectionsKt___CollectionsKt$asSequence$$inlined$Sequence$1::iterator (12 bytes)
Event: 3.796 Thread 0x000001587fb44800 nmethod 4299 0x0000015800ece290 code [0x0000015800ece440, 0x0000015800ece568]
Event: 3.796 Thread 0x000001587fb44800 4300       2       org.jetbrains.kotlin.descriptors.annotations.AnnotatedImpl::getAnnotations (13 bytes)
Event: 3.796 Thread 0x000001587fb44800 nmethod 4300 0x0000015800ece610 code [0x0000015800ece7c0, 0x0000015800ece8e8]
Event: 3.796 Thread 0x000001587fb44800 4301       2       org.jetbrains.kotlin.types.AbstractStrictEqualityTypeChecker::strictEqualTypesInternal (129 bytes)
Event: 3.797 Thread 0x000001587fb44800 nmethod 4301 0x0000015800ece990 code [0x0000015800ecebe0, 0x0000015800ecef88]
Event: 3.797 Thread 0x000001587fb44800 4302       2       org.jetbrains.kotlin.utils.SmartSet::create (7 bytes)
Event: 3.797 Thread 0x000001587fb44800 nmethod 4302 0x0000015800ecf210 code [0x0000015800ecf3c0, 0x0000015800ecf4f8]
Event: 3.797 Thread 0x000001587fb44800 4304       2       org.jetbrains.kotlin.types.TypeProjectionImpl::getProjectionKind (13 bytes)
Event: 3.797 Thread 0x000001587fb44800 nmethod 4304 0x0000015800ecf590 code [0x0000015800ecf740, 0x0000015800ecf868]
Event: 3.797 Thread 0x000001587fb44800 4303       2       org.jetbrains.kotlin.types.KotlinType::hashCode (23 bytes)
Event: 3.797 Thread 0x000001587fb44800 nmethod 4303 0x0000015800ecf910 code [0x0000015800ecfac0, 0x0000015800ecfc08]
Event: 3.797 Thread 0x000001587fb44800 4305       1       org.jetbrains.kotlin.load.java.typeEnhancement.NotNullTypeParameter::getDelegate (5 bytes)
Event: 3.797 Thread 0x000001587fb44800 nmethod 4305 0x0000015807c8a790 code [0x0000015807c8a940, 0x0000015807c8a9f8]
Event: 3.798 Thread 0x000001587fb44800 4306       2       org.jetbrains.kotlin.com.intellij.psi.PsiElementVisitor::<init> (5 bytes)
Event: 3.798 Thread 0x000001587fb44800 nmethod 4306 0x0000015800ecfc90 code [0x0000015800ecfe40, 0x0000015800ecff38]
Event: 3.798 Thread 0x000001587fb44800 4307       2       org.jetbrains.kotlin.psi.KtVisitor::<init> (5 bytes)
Event: 3.798 Thread 0x000001587fb44800 nmethod 4307 0x0000015800ed0010 code [0x0000015800ed01c0, 0x0000015800ed02b8]
Event: 3.798 Thread 0x000001587fb44800 4308       2       org.jetbrains.kotlin.resolve.scopes.LexicalChainedScope::getContributedClassifierIncludeDeprecated (236 bytes)

GC Heap History (10 events):
Event: 0.487 GC heap before
{Heap before GC invocations=0 (full 0):
 garbage-first heap   total 260096K, used 27648K [0x0000000702600000, 0x0000000800000000)
  region size 1024K, 24 young (24576K), 0 survivors (0K)
 Metaspace       used 12475K, capacity 12590K, committed 12800K, reserved 1060864K
  class space    used 1167K, capacity 1216K, committed 1280K, reserved 1048576K
}
Event: 0.489 GC heap after
{Heap after GC invocations=1 (full 0):
 garbage-first heap   total 260096K, used 5820K [0x0000000702600000, 0x0000000800000000)
  region size 1024K, 3 young (3072K), 3 survivors (3072K)
 Metaspace       used 12475K, capacity 12590K, committed 12800K, reserved 1060864K
  class space    used 1167K, capacity 1216K, committed 1280K, reserved 1048576K
}
Event: 1.144 GC heap before
{Heap before GC invocations=1 (full 0):
 garbage-first heap   total 260096K, used 42684K [0x0000000702600000, 0x0000000800000000)
  region size 1024K, 40 young (40960K), 3 survivors (3072K)
 Metaspace       used 21050K, capacity 21239K, committed 21296K, reserved 1069056K
  class space    used 2229K, capacity 2314K, committed 2352K, reserved 1048576K
}
Event: 1.155 GC heap after
{Heap after GC invocations=2 (full 0):
 garbage-first heap   total 260096K, used 9364K [0x0000000702600000, 0x0000000800000000)
  region size 1024K, 7 young (7168K), 7 survivors (7168K)
 Metaspace       used 21050K, capacity 21239K, committed 21296K, reserved 1069056K
  class space    used 2229K, capacity 2314K, committed 2352K, reserved 1048576K
}
Event: 1.993 GC heap before
{Heap before GC invocations=3 (full 0):
 garbage-first heap   total 260096K, used 66708K [0x0000000702600000, 0x0000000800000000)
  region size 1024K, 57 young (58368K), 7 survivors (7168K)
 Metaspace       used 31038K, capacity 31376K, committed 31536K, reserved 1077248K
  class space    used 3467K, capacity 3613K, committed 3632K, reserved 1048576K
}
Event: 2.006 GC heap after
{Heap after GC invocations=4 (full 0):
 garbage-first heap   total 260096K, used 17976K [0x0000000702600000, 0x0000000800000000)
  region size 1024K, 8 young (8192K), 8 survivors (8192K)
 Metaspace       used 31038K, capacity 31376K, committed 31536K, reserved 1077248K
  class space    used 3467K, capacity 3613K, committed 3632K, reserved 1048576K
}
Event: 2.181 GC heap before
{Heap before GC invocations=4 (full 0):
 garbage-first heap   total 260096K, used 31288K [0x0000000702600000, 0x0000000800000000)
  region size 1024K, 21 young (21504K), 8 survivors (8192K)
 Metaspace       used 33725K, capacity 34102K, committed 34224K, reserved 1079296K
  class space    used 3825K, capacity 3966K, committed 4016K, reserved 1048576K
}
Event: 2.190 GC heap after
{Heap after GC invocations=5 (full 0):
 garbage-first heap   total 260096K, used 20187K [0x0000000702600000, 0x0000000800000000)
  region size 1024K, 2 young (2048K), 2 survivors (2048K)
 Metaspace       used 33725K, capacity 34102K, committed 34224K, reserved 1079296K
  class space    used 3825K, capacity 3966K, committed 4016K, reserved 1048576K
}
Event: 2.314 GC heap before
{Heap before GC invocations=5 (full 0):
 garbage-first heap   total 260096K, used 28379K [0x0000000702600000, 0x0000000800000000)
  region size 1024K, 11 young (11264K), 2 survivors (2048K)
 Metaspace       used 35560K, capacity 35868K, committed 35888K, reserved 1081344K
  class space    used 4239K, capacity 4384K, committed 4400K, reserved 1048576K
}
Event: 2.318 GC heap after
{Heap after GC invocations=6 (full 0):
 garbage-first heap   total 260096K, used 20816K [0x0000000702600000, 0x0000000800000000)
  region size 1024K, 3 young (3072K), 3 survivors (3072K)
 Metaspace       used 35560K, capacity 35868K, committed 35888K, reserved 1081344K
  class space    used 4239K, capacity 4384K, committed 4400K, reserved 1048576K
}

Deoptimization events (20 events):
Event: 3.442 Thread 0x0000015879902000 DEOPT PACKING pc=0x0000015807c15f70 sp=0x0000002c6f6f82a0
Event: 3.442 Thread 0x0000015879902000 DEOPT UNPACKING pc=0x00000158000268af sp=0x0000002c6f6f8158 mode 2
Event: 3.463 Thread 0x0000015879902000 Uncommon trap: trap_request=0xffffffde fr.pc=0x0000015807c15f70 relative=0x0000000000001ef0
Event: 3.463 Thread 0x0000015879902000 Uncommon trap: reason=class_check action=maybe_recompile pc=0x0000015807c15f70 method=org.jetbrains.kotlin.com.intellij.lang.impl.PsiBuilderImpl.getTokenText()Ljava/lang/String; @ 53 c2
Event: 3.463 Thread 0x0000015879902000 DEOPT PACKING pc=0x0000015807c15f70 sp=0x0000002c6f6fb570
Event: 3.463 Thread 0x0000015879902000 DEOPT UNPACKING pc=0x00000158000268af sp=0x0000002c6f6fb428 mode 2
Event: 3.463 Thread 0x0000015879902000 Uncommon trap: trap_request=0xffffff4d fr.pc=0x0000015807bf9b90 relative=0x0000000000001690
Event: 3.463 Thread 0x0000015879902000 Uncommon trap: reason=unstable_if action=reinterpret pc=0x0000015807bf9b90 method=org.jetbrains.kotlin.parsing.AbstractKotlinParsing.tokenMatches(Lorg/jetbrains/kotlin/com/intellij/psi/tree/IElementType;Lorg/jetbrains/kotlin/com/intellij/psi/tree/IElement
Event: 3.463 Thread 0x0000015879902000 DEOPT PACKING pc=0x0000015807bf9b90 sp=0x0000002c6f6fc030
Event: 3.463 Thread 0x0000015879902000 DEOPT UNPACKING pc=0x00000158000268af sp=0x0000002c6f6fbfe0 mode 2
Event: 3.463 Thread 0x0000015879902000 Uncommon trap: trap_request=0xffffffde fr.pc=0x0000015807c15f70 relative=0x0000000000001ef0
Event: 3.463 Thread 0x0000015879902000 Uncommon trap: reason=class_check action=maybe_recompile pc=0x0000015807c15f70 method=org.jetbrains.kotlin.com.intellij.lang.impl.PsiBuilderImpl.getTokenText()Ljava/lang/String; @ 53 c2
Event: 3.463 Thread 0x0000015879902000 DEOPT PACKING pc=0x0000015807c15f70 sp=0x0000002c6f6f83a0
Event: 3.463 Thread 0x0000015879902000 DEOPT UNPACKING pc=0x00000158000268af sp=0x0000002c6f6f8258 mode 2
Event: 3.623 Thread 0x0000015879902000 Uncommon trap: trap_request=0xffffff4d fr.pc=0x0000015807be8494 relative=0x0000000000000074
Event: 3.623 Thread 0x0000015879902000 Uncommon trap: reason=unstable_if action=reinterpret pc=0x0000015807be8494 method=org.jetbrains.kotlin.parsing.AbstractKotlinParsing.tokenMatches(Lorg/jetbrains/kotlin/com/intellij/psi/tree/IElementType;Lorg/jetbrains/kotlin/com/intellij/psi/tree/IElement
Event: 3.623 Thread 0x0000015879902000 DEOPT PACKING pc=0x0000015807be8494 sp=0x0000002c6f6fc0a0
Event: 3.623 Thread 0x0000015879902000 DEOPT UNPACKING pc=0x00000158000268af sp=0x0000002c6f6fc020 mode 2
Event: 3.692 Thread 0x0000015879902000 DEOPT PACKING pc=0x0000015800a6617f sp=0x0000002c6f6fc5e0
Event: 3.692 Thread 0x0000015879902000 DEOPT UNPACKING pc=0x000001580002705e sp=0x0000002c6f6fba30 mode 0

Classes redefined (0 events):
No events

Internal exceptions (18 events):
Event: 0.175 Thread 0x0000015879902000 Exception <a 'java/lang/NoSuchMethodError'{0x000000071207add0}: 'int java.lang.invoke.DirectMethodHandle$Holder.invokeSpecialIFC(java.lang.Object, java.lang.Object, int)'> (0x000000071207add0) thrown at [./src/hotspot/share/interpreter/linkResolver.cpp, line 773]
Event: 0.958 Thread 0x0000015879902000 Exception <a 'java/lang/NoSuchMethodError'{0x00000007105020a0}: 'int java.lang.invoke.DirectMethodHandle$Holder.invokeStaticInit(java.lang.Object, java.lang.Object, java.lang.Object)'> (0x00000007105020a0) thrown at [./src/hotspot/share/interpreter/linkResolver.cpp, line 773]
Event: 0.963 Thread 0x0000015879902000 Exception <a 'java/lang/NoSuchMethodError'{0x000000071053cb30}: 'java.lang.Object java.lang.invoke.DirectMethodHandle$Holder.invokeStaticInit(java.lang.Object, int)'> (0x000000071053cb30) thrown at [./src/hotspot/share/interpreter/linkResolver.cpp, line 773]
Event: 0.988 Thread 0x0000015879902000 Exception <a 'java/lang/NoSuchMethodError'{0x00000007104b3d98}: 'long java.lang.invoke.DirectMethodHandle$Holder.invokeStatic(java.lang.Object)'> (0x00000007104b3d98) thrown at [./src/hotspot/share/interpreter/linkResolver.cpp, line 773]
Event: 0.988 Thread 0x0000015879902000 Exception <a 'java/lang/NoSuchMethodError'{0x00000007104b6bf0}: 'long java.lang.invoke.DirectMethodHandle$Holder.invokeStaticInit(java.lang.Object)'> (0x00000007104b6bf0) thrown at [./src/hotspot/share/interpreter/linkResolver.cpp, line 773]
Event: 1.049 Thread 0x0000015879902000 Exception <a 'java/lang/NoSuchMethodError'{0x000000071007b768}: 'int java.lang.invoke.DirectMethodHandle$Holder.invokeStaticInit(java.lang.Object, java.lang.Object)'> (0x000000071007b768) thrown at [./src/hotspot/share/interpreter/linkResolver.cpp, line 773]
Event: 1.131 Thread 0x0000015879902000 Exception <a 'java/lang/NoSuchMethodError'{0x000000070fde1c28}: 'java.lang.Object java.lang.invoke.DirectMethodHandle$Holder.invokeStatic(java.lang.Object, java.lang.Object, java.lang.Object, java.lang.Object, java.lang.Object, java.lang.Object, java.lang.Object, java.lang.Object, java.lang.Object, java.lang.Object, java.lang.Object, java.lang.Object, java.lang.Object, java.lang.Object, java.lang.Object)'> (0x000000070fde1c28) thrown at [./src/hotspot/share/interpreter/linkResolver.cpp, line 773]
Event: 1.132 Thread 0x0000015879902000 Exception <a 'java/lang/NoSuchMethodError'{0x000000070fdefc30}: 'java.lang.Object java.lang.invoke.DirectMethodHandle$Holder.invokeStatic(java.lang.Object, java.lang.Object, java.lang.Object, java.lang.Object, java.lang.Object, java.lang.Object, java.lang.Object, java.lang.Object, java.lang.Object, java.lang.Object, java.lang.Object, java.lang.Object, java.lang.Object, java.lang.Object, java.lang.Object, java.lang.Object)'> (0x000000070fdefc30) thrown at [./src/hotspot/share/interpreter/linkResolver.cpp, l
Event: 1.134 Thread 0x0000015879902000 Exception <a 'java/lang/NoSuchMethodError'{0x000000070fdff538}: 'java.lang.Object java.lang.invoke.DirectMethodHandle$Holder.invokeSpecial(java.lang.Object, java.lang.Object, int, int, java.lang.Object, java.lang.Object, java.lang.Object)'> (0x000000070fdff538) thrown at [./src/hotspot/share/interpreter/linkResolver.cpp, line 773]
Event: 1.134 Thread 0x0000015879902000 Exception <a 'java/lang/NoSuchMethodError'{0x000000070fc035d0}: 'java.lang.Object java.lang.invoke.DelegatingMethodHandle$Holder.reinvoke_L(java.lang.Object, int, int, java.lang.Object, java.lang.Object, java.lang.Object)'> (0x000000070fc035d0) thrown at [./src/hotspot/share/interpreter/linkResolver.cpp, line 773]
Event: 1.135 Thread 0x0000015879902000 Exception <a 'java/lang/NoSuchMethodError'{0x000000070fc07a50}: 'java.lang.Object java.lang.invoke.DirectMethodHandle$Holder.invokeStatic(java.lang.Object, java.lang.Object, java.lang.Object, java.lang.Object, int)'> (0x000000070fc07a50) thrown at [./src/hotspot/share/interpreter/linkResolver.cpp, line 773]
Event: 1.235 Thread 0x0000015879902000 Exception <a 'java/lang/NoSuchMethodError'{0x00000007121f9530}: 'void java.lang.invoke.DirectMethodHandle$Holder.invokeSpecial(java.lang.Object, java.lang.Object)'> (0x00000007121f9530) thrown at [./src/hotspot/share/interpreter/linkResolver.cpp, line 773]
Event: 1.271 Thread 0x0000015879902000 Exception <a 'java/lang/NoSuchMethodError'{0x0000000711efb2a8}: 'void java.lang.invoke.DirectMethodHandle$Holder.invokeStaticInit(java.lang.Object, java.lang.Object)'> (0x0000000711efb2a8) thrown at [./src/hotspot/share/interpreter/linkResolver.cpp, line 773]
Event: 1.278 Thread 0x0000015879902000 Exception <a 'java/lang/NoSuchMethodError'{0x0000000711d38ef0}: 'void java.lang.invoke.DirectMethodHandle$Holder.invokeInterface(java.lang.Object, java.lang.Object)'> (0x0000000711d38ef0) thrown at [./src/hotspot/share/interpreter/linkResolver.cpp, line 773]
Event: 1.345 Thread 0x0000015879902000 Exception <a 'java/lang/NoSuchMethodError'{0x000000071192fff0}: 'int java.lang.invoke.DirectMethodHandle$Holder.invokeVirtual(java.lang.Object, java.lang.Object)'> (0x000000071192fff0) thrown at [./src/hotspot/share/interpreter/linkResolver.cpp, line 773]
Event: 1.821 Thread 0x0000015879902000 Exception <a 'java/lang/NoSuchMethodError'{0x000000070f43a900}: 'java.lang.Object java.lang.invoke.DirectMethodHandle$Holder.invokeVirtual(java.lang.Object, java.lang.Object, java.lang.Object)'> (0x000000070f43a900) thrown at [./src/hotspot/share/interpreter/linkResolver.cpp, line 773]
Event: 2.517 Thread 0x0000015879902000 Exception <a 'java/lang/NoSuchMethodError'{0x00000007117ba9e0}: 'java.lang.Object java.lang.invoke.Invokers$Holder.linkToTargetMethod(java.lang.Object, int, java.lang.Object)'> (0x00000007117ba9e0) thrown at [./src/hotspot/share/interpreter/linkResolver.cpp, line 773]
Event: 3.642 Thread 0x0000015879902000 Exception <a 'java/lang/NoSuchMethodError'{0x000000070d90af78}: 'java.lang.Object java.lang.invoke.Invokers$Holder.linkToTargetMethod(java.lang.Object, java.lang.Object, java.lang.Object, java.lang.Object, java.lang.Object, java.lang.Object, java.lang.Object)'> (0x000000070d90af78) thrown at [./src/hotspot/share/interpreter/linkResolver.cpp, line 773]

Events (20 events):
Event: 3.768 loading class org/jetbrains/kotlin/codegen/state/KotlinTypeMapper$mapType$1
Event: 3.768 loading class org/jetbrains/kotlin/codegen/state/KotlinTypeMapper$mapType$1 done
Event: 3.769 loading class org/jetbrains/kotlin/descriptors/annotations/CompositeAnnotations$iterator$1
Event: 3.769 loading class org/jetbrains/kotlin/descriptors/annotations/CompositeAnnotations$iterator$1 done
Event: 3.777 loading class org/jetbrains/kotlin/types/TypeSubstitutor$VarianceConflictType
Event: 3.777 loading class org/jetbrains/kotlin/types/TypeSubstitutor$VarianceConflictType done
Event: 3.777 loading class org/jetbrains/kotlin/types/TypeSubstitutor$2
Event: 3.777 loading class org/jetbrains/kotlin/types/TypeSubstitutor$2 done
Event: 3.778 loading class org/jetbrains/kotlin/types/typesApproximation/CapturedTypeApproximationKt
Event: 3.778 loading class org/jetbrains/kotlin/types/typesApproximation/CapturedTypeApproximationKt done
Event: 3.779 loading class org/jetbrains/kotlin/types/typesApproximation/CapturedTypeApproximationKt$approximateCapturedTypesIfNecessary$1
Event: 3.779 loading class org/jetbrains/kotlin/types/typesApproximation/CapturedTypeApproximationKt$approximateCapturedTypesIfNecessary$1 done
Event: 3.779 loading class org/jetbrains/kotlin/descriptors/impl/ReceiverParameterDescriptorImpl
Event: 3.779 loading class org/jetbrains/kotlin/descriptors/impl/ReceiverParameterDescriptorImpl done
Event: 3.780 loading class org/jetbrains/kotlin/resolve/scopes/receivers/TransientReceiver
Event: 3.780 loading class org/jetbrains/kotlin/resolve/scopes/receivers/TransientReceiver done
Event: 3.780 loading class org/jetbrains/kotlin/resolve/scopes/receivers/AbstractReceiverValue
Event: 3.780 loading class org/jetbrains/kotlin/resolve/scopes/receivers/AbstractReceiverValue done
Event: 3.780 loading class org/jetbrains/kotlin/descriptors/impl/FunctionDescriptorImpl$1
Event: 3.780 loading class org/jetbrains/kotlin/descriptors/impl/FunctionDescriptorImpl$1 done


Dynamic libraries:
0x00007ff7a5a30000 - 0x00007ff7a5a3a000 	C:\Program Files\Android\Android Studio\jre\bin\java.exe
0x00007fff54480000 - 0x00007fff54689000 	C:\WINDOWS\SYSTEM32\ntdll.dll
0x00007fff52af0000 - 0x00007fff52bad000 	C:\WINDOWS\System32\KERNEL32.DLL
0x00007fff51970000 - 0x00007fff51ce4000 	C:\WINDOWS\System32\KERNELBASE.dll
0x00007fff51ff0000 - 0x00007fff52101000 	C:\WINDOWS\System32\ucrtbase.dll
0x00007fff48ef0000 - 0x00007fff48f07000 	C:\Program Files\Android\Android Studio\jre\bin\VCRUNTIME140.dll
0x00007fff49290000 - 0x00007fff492a9000 	C:\Program Files\Android\Android Studio\jre\bin\jli.dll
0x00007fff54290000 - 0x00007fff5443c000 	C:\WINDOWS\System32\USER32.dll
0x00007fff51de0000 - 0x00007fff51e06000 	C:\WINDOWS\System32\win32u.dll
0x00007fff2b960000 - 0x00007fff2bc05000 	C:\WINDOWS\WinSxS\amd64_microsoft.windows.common-controls_6595b64144ccf1df_6.0.22000.120_none_9d947278b86cc467\COMCTL32.dll
0x00007fff52340000 - 0x00007fff52369000 	C:\WINDOWS\System32\GDI32.dll
0x00007fff52870000 - 0x00007fff52913000 	C:\WINDOWS\System32\msvcrt.dll
0x00007fff51e10000 - 0x00007fff51f22000 	C:\WINDOWS\System32\gdi32full.dll
0x00007fff52110000 - 0x00007fff521ad000 	C:\WINDOWS\System32\msvcp_win.dll
0x00007fff53610000 - 0x00007fff53641000 	C:\WINDOWS\System32\IMM32.DLL
0x00007fff17d40000 - 0x00007fff17ddd000 	C:\Program Files\Android\Android Studio\jre\bin\msvcp140.dll
0x00007fff14bc0000 - 0x00007fff15695000 	C:\Program Files\Android\Android Studio\jre\bin\server\jvm.dll
0x00007fff52920000 - 0x00007fff529ce000 	C:\WINDOWS\System32\ADVAPI32.dll
0x00007fff52da0000 - 0x00007fff52e3e000 	C:\WINDOWS\System32\sechost.dll
0x00007fff54170000 - 0x00007fff54290000 	C:\WINDOWS\System32\RPCRT4.dll
0x00007fff52d90000 - 0x00007fff52d98000 	C:\WINDOWS\System32\PSAPI.DLL
0x00007fff48190000 - 0x00007fff48199000 	C:\WINDOWS\SYSTEM32\WSOCK32.dll
0x00007fff47800000 - 0x00007fff47833000 	C:\WINDOWS\SYSTEM32\WINMM.dll
0x00007fff43c90000 - 0x00007fff43c9a000 	C:\WINDOWS\SYSTEM32\VERSION.dll
0x00007fff529d0000 - 0x00007fff52a3f000 	C:\WINDOWS\System32\WS2_32.dll
0x00007fff50b20000 - 0x00007fff50b38000 	C:\WINDOWS\SYSTEM32\kernel.appcore.dll
0x00007fff3f1e0000 - 0x00007fff3f1f1000 	C:\Program Files\Android\Android Studio\jre\bin\verify.dll
0x00007fff4f790000 - 0x00007fff4f9b1000 	C:\WINDOWS\SYSTEM32\DBGHELP.DLL
0x00007fff3eeb0000 - 0x00007fff3eee1000 	C:\WINDOWS\SYSTEM32\dbgcore.DLL
0x00007fff51cf0000 - 0x00007fff51d6f000 	C:\WINDOWS\System32\bcryptPrimitives.dll
0x00007fff3a580000 - 0x00007fff3a5a9000 	C:\Program Files\Android\Android Studio\jre\bin\java.dll
0x00007fff48180000 - 0x00007fff4818b000 	C:\Program Files\Android\Android Studio\jre\bin\jimage.dll
0x00007fff3f1c0000 - 0x00007fff3f1d8000 	C:\Program Files\Android\Android Studio\jre\bin\zip.dll
0x00007fff52e40000 - 0x00007fff535ef000 	C:\WINDOWS\System32\SHELL32.dll
0x00007fff4f9c0000 - 0x00007fff50228000 	C:\WINDOWS\SYSTEM32\windows.storage.dll
0x00007fff52490000 - 0x00007fff52808000 	C:\WINDOWS\System32\combase.dll
0x00007fff4f620000 - 0x00007fff4f786000 	C:\WINDOWS\SYSTEM32\wintypes.dll
0x00007fff52bb0000 - 0x00007fff52c9a000 	C:\WINDOWS\System32\SHCORE.dll
0x00007fff53810000 - 0x00007fff5386d000 	C:\WINDOWS\System32\shlwapi.dll
0x00007fff518a0000 - 0x00007fff518c1000 	C:\WINDOWS\SYSTEM32\profapi.dll
0x00007fff39be0000 - 0x00007fff39bfa000 	C:\Program Files\Android\Android Studio\jre\bin\net.dll
0x00007fff47f00000 - 0x00007fff4800c000 	C:\WINDOWS\SYSTEM32\WINHTTP.dll
0x00007fff50f40000 - 0x00007fff50fa7000 	C:\WINDOWS\system32\mswsock.dll
0x00007fff39bc0000 - 0x00007fff39bd4000 	C:\Program Files\Android\Android Studio\jre\bin\nio.dll

dbghelp: loaded successfully - version: 4.0.5 - missing functions: none
symbol engine: initialized successfully - sym options: 0x614 - pdb path: .;C:\Program Files\Android\Android Studio\jre\bin;C:\WINDOWS\SYSTEM32;C:\WINDOWS\WinSxS\amd64_microsoft.windows.common-controls_6595b64144ccf1df_6.0.22000.120_none_9d947278b86cc467;C:\Program Files\Android\Android Studio\jre\bin\server

VM Arguments:
java_command: org.jetbrains.kotlin.cli.jvm.K2JVMCompiler @D:\Project\schoolManagement\node_modules\react-native-screens\android\build\20220417_7425837747048899329.compiler.options
java_class_path (initial): C:\Users\IT BD\.gradle\caches\modules-2\files-2.1\org.jetbrains.kotlin\kotlin-compiler-embeddable\1.4.10\38c4b99d5d5362debdd9302a866730379aa2328a\kotlin-compiler-embeddable-1.4.10.jar;C:\Users\IT BD\.gradle\caches\modules-2\files-2.1\org.jetbrains.kotlin\kotlin-reflect\1.4.10\e2b3c6695eee6085e606d96d685396dce23a3a06\kotlin-reflect-1.4.10.jar;C:\Users\IT BD\.gradle\caches\modules-2\files-2.1\org.jetbrains.kotlin\kotlin-stdlib\1.4.10\ea29e063d2bbe695be13e9d044dcfb0c7add398e\kotlin-stdlib-1.4.10.jar;C:\Users\IT BD\.gradle\caches\modules-2\files-2.1\org.jetbrains.kotlin\kotlin-script-runtime\1.4.10\7c19d9c2001e016cd7664cebe9eea66fc04a7f4f\kotlin-script-runtime-1.4.10.jar;C:\Users\IT BD\.gradle\caches\modules-2\files-2.1\org.jetbrains.kotlin\kotlin-daemon-embeddable\1.4.10\dbd67f42bed28043d17d7c860b06110a00a45970\kotlin-daemon-embeddable-1.4.10.jar;C:\Users\IT BD\.gradle\caches\modules-2\files-2.1\org.jetbrains.intellij.deps\trove4j\1.0.20181211\216c2e14b070f334479d800987affe4054cd563f\trove4j-1.0.20181211.jar;C:\Users\IT BD\.gradle\caches\modules-2\files-2.1\org.jetbrains.kotlin\kotlin-stdlib-common\1.4.10\6229be3465805c99db1142ad75e6c6ddeac0b04c\kotlin-stdlib-common-1.4.10.jar;C:\Users\IT BD\.gradle\caches\modules-2\files-2.1\org.jetbrains\annotations\13.0\919f0dfe192fb4e063e7dacadee7f8bb9a2672a9\annotations-13.0.jar
Launcher Type: SUN_STANDARD

[Global flags]
     intx CICompilerCount                          = 4                                         {product} {ergonomic}
     uint ConcGCThreads                            = 2                                         {product} {ergonomic}
     uint G1ConcRefinementThreads                  = 8                                         {product} {ergonomic}
   size_t G1HeapRegionSize                         = 1048576                                   {product} {ergonomic}
    uintx GCDrainStackTargetSize                   = 64                                        {product} {ergonomic}
   size_t InitialHeapSize                          = 266338304                                 {product} {ergonomic}
   size_t MarkStackSize                            = 4194304                                   {product} {ergonomic}
   size_t MaxHeapSize                              = 4255121408                                {product} {ergonomic}
   size_t MaxNewSize                               = 2552233984                                {product} {ergonomic}
   size_t MinHeapDeltaBytes                        = 1048576                                   {product} {ergonomic}
    uintx NonNMethodCodeHeapSize                   = 5836300                                {pd product} {ergonomic}
    uintx NonProfiledCodeHeapSize                  = 122910970                              {pd product} {ergonomic}
    uintx ProfiledCodeHeapSize                     = 122910970                              {pd product} {ergonomic}
    uintx ReservedCodeCacheSize                    = 251658240                              {pd product} {ergonomic}
     bool SegmentedCodeCache                       = true                                      {product} {ergonomic}
     bool UseCompressedClassPointers               = true                                 {lp64_product} {ergonomic}
     bool UseCompressedOops                        = true                                 {lp64_product} {ergonomic}
     bool UseG1GC                                  = true                                      {product} {ergonomic}
     bool UseLargePagesIndividualAllocation        = false                                  {pd product} {ergonomic}

Logging:
Log output configuration:
 #0: stdout all=warning uptime,level,tags
 #1: stderr all=off uptime,level,tags

Environment Variables:
JAVA_HOME=C:\Program Files\Android\Android Studio\jre
CLASSPATH=D:\Project\schoolManagement\android\\gradle\wrapper\gradle-wrapper.jar
PATH=D:\Project\schoolManagement\android\node_modules\.bin;D:\Project\schoolManagement\node_modules\.bin;D:\Project\node_modules\.bin;D:\node_modules\.bin;C:\Program Files\nodejs;D:\Project\schoolManagement\node_modules\.bin;D:\Project\node_modules\.bin;D:\node_modules\.bin;C:\Program Files\nodejs\node_modules\npm\node_modules\@npmcli\run-script\lib\node-gyp-bin;C:\ProgramData\Oracle\Java\javapath;C:\WINDOWS\system32;C:\WINDOWS;C:\WINDOWS\System32\Wbem;C:\WINDOWS\System32\WindowsPowerShell\v1.0\;C:\WINDOWS\System32\OpenSSH\;C:\Program Files\nodejs\;C:\Program Files\Git\cmd;C:\Program Files\Microsoft VS Code\bin;C:\ProgramData\chocolatey\bin;C:\Program Files (x86)\Intel\Intel(R) Management Engine Components\DAL;C:\Program Files\Intel\Intel(R) Management Engine Components\DAL;C:\Users\IT BD\AppData\Local\Microsoft\WindowsApps;C:\Users\IT BD\AppData\Roaming\npm;C:\Users\IT BD\AppData\Local\Programs\Microsoft VS Code\bin;C:\Users\IT BD\AppData\Local\Android\Sdk\platform-tools;;D:\Project\schoolManagement\node_modules\.bin
USERNAME=IT BD
LANG=en_US.UTF-8
OS=Windows_NT
PROCESSOR_IDENTIFIER=Intel64 Family 6 Model 142 Stepping 10, GenuineIntel



---------------  S Y S T E M  ---------------

OS: Windows 10 , 64 bit Build 22000 (10.0.22000.434)
OS uptime: 8 days 9:36 hours
Hyper-V role detected

CPU:total 8 (initial active 8) (4 cores per cpu, 2 threads per core) family 6 model 142 stepping 10 microcode 0xec, cmov, cx8, fxsr, mmx, sse, sse2, sse3, ssse3, sse4.1, sse4.2, popcnt, avx, avx2, aes, clmul, erms, rtm, 3dnowpref, lzcnt, ht, tsc, tscinvbit, bmi1, bmi2, adx, fma

Memory: 4k page, system-wide physical 16227M (942M free)
TotalPageFile size 26489M (AvailPageFile size 15M)
current process WorkingSet (physical memory assigned to process): 273M, peak: 282M
current process commit charge ("private bytes"): 466M, peak: 479M

vm_info: OpenJDK 64-Bit Server VM (11.0.11+9-b60-7590822) for windows-amd64 JRE (11.0.11+9-b60-7590822), built on Jul 29 2021 21:43:44 by "builder" with MS VC++ 14.0 (VS2015)

END.
