#
# There is insufficient memory for the Java Runtime Environment to continue.
# Native memory allocation (mmap) failed to map 53477376 bytes for Failed to commit area from 0x0000000712400000 to 0x0000000715700000 of length 53477376.
# Possible reasons:
#   The system is out of physical RAM or swap space
#   The process is running with CompressedOops enabled, and the Java Heap may be blocking the growth of the native heap
# Possible solutions:
#   Reduce memory load on the system
#   Increase physical memory or swap space
#   Check if swap backing store is full
#   Decrease Java heap size (-Xmx/-Xms)
#   Decrease number of Java threads
#   Decrease Java thread stack sizes (-Xss)
#   Set larger code cache with -XX:ReservedCodeCacheSize=
#   JVM is running with Zero Based Compressed Oops mode in which the Java heap is
#     placed in the first 32GB address space. The Java Heap base address is the
#     maximum limit for the native heap growth. Please use -XX:HeapBaseMinAddress
#     to set the Java Heap base and to place the Java Heap above 32GB virtual address.
# This output file may be truncated or incomplete.
#
#  Out of Memory Error (./src/hotspot/os/windows/os_windows.cpp:3301), pid=22960, tid=22068
#
# JRE version: OpenJDK Runtime Environment (11.0.11+9) (build 11.0.11+9-b60-7590822)
# Java VM: OpenJDK 64-Bit Server VM (11.0.11+9-b60-7590822, mixed mode, tiered, compressed oops, g1 gc, windows-amd64)
# No core dump will be written. Minidumps are not enabled by default on client versions of Windows
#

---------------  S U M M A R Y ------------

Command Line: org.jetbrains.kotlin.cli.jvm.K2JVMCompiler @D:\Project\schoolManagement\node_modules\react-native-screens\android\build\20220417_6441884384874761793.compiler.options

Host: Intel(R) Core(TM) i7-8650U CPU @ 1.90GHz, 8 cores, 15G,  Windows 10 , 64 bit Build 22000 (10.0.22000.434)
Time: Sun Apr 17 14:14:10 2022 Bangladesh Standard Time elapsed time: 5.195810 seconds (0d 0h 0m 5s)

---------------  T H R E A D  ---------------

Current thread (0x000001ddf4ab9000):  VMThread "VM Thread" [stack: 0x000000954a500000,0x000000954a600000] [id=22068]

Stack: [0x000000954a500000,0x000000954a600000]
[error occurred during error reporting (printing stack bounds), id 0xc0000005, EXCEPTION_ACCESS_VIOLATION (0xc0000005) at pc=0x000001ddd8ca0f2d]

Native frames: (J=compiled Java code, j=interpreted, Vv=VM code, C=native code)
V  [jvm.dll+0x5f214a]
V  [jvm.dll+0x726fb5]
V  [jvm.dll+0x7285cd]
V  [jvm.dll+0x728be5]
V  [jvm.dll+0x728b9b]
V  [jvm.dll+0x5f14e8]
V  [jvm.dll+0x5f1c78]
C  [ntdll.dll+0xa86ef]
C  [ntdll.dll+0x35aea]
C  [ntdll.dll+0xa76fe]
C  0x000001ddd8ca0f2d

VM_Operation (0x0000009549ffbd70): G1CollectForAllocation, mode: safepoint, requested by thread 0x000001ddd51a3800


---------------  P R O C E S S  ---------------

Threads class SMR info:
_java_thread_list=0x000001ddf6c17d50, length=12, elements={
0x000001ddd51a3800, 0x000001ddf4abb000, 0x000001ddf4ac4800, 0x000001ddf4b1a000,
0x000001ddf4b1e000, 0x000001ddf4b1f000, 0x000001ddf4b20000, 0x000001ddf4b21800,
0x000001ddf41f3800, 0x000001ddf4c68800, 0x000001ddf4c63800, 0x000001ddf8f68000
}

Java Threads: ( => current thread )
  0x000001ddd51a3800 JavaThread "main" [_thread_blocked, id=2516, stack(0x0000009549f00000,0x000000954a000000)]
  0x000001ddf4abb000 JavaThread "Reference Handler" daemon [_thread_blocked, id=12728, stack(0x000000954a600000,0x000000954a700000)]
  0x000001ddf4ac4800 JavaThread "Finalizer" daemon [_thread_blocked, id=14536, stack(0x000000954a700000,0x000000954a800000)]
  0x000001ddf4b1a000 JavaThread "Signal Dispatcher" daemon [_thread_blocked, id=24804, stack(0x000000954a800000,0x000000954a900000)]
  0x000001ddf4b1e000 JavaThread "Attach Listener" daemon [_thread_blocked, id=19068, stack(0x000000954a900000,0x000000954aa00000)]
  0x000001ddf4b1f000 JavaThread "Service Thread" daemon [_thread_blocked, id=20980, stack(0x000000954aa00000,0x000000954ab00000)]
  0x000001ddf4b20000 JavaThread "C2 CompilerThread0" daemon [_thread_blocked, id=23788, stack(0x000000954ab00000,0x000000954ac00000)]
  0x000001ddf4b21800 JavaThread "C1 CompilerThread0" daemon [_thread_blocked, id=10500, stack(0x000000954ac00000,0x000000954ad00000)]
  0x000001ddf41f3800 JavaThread "Sweeper thread" daemon [_thread_blocked, id=17132, stack(0x000000954ad00000,0x000000954ae00000)]
  0x000001ddf4c68800 JavaThread "Common-Cleaner" daemon [_thread_blocked, id=7900, stack(0x000000954af00000,0x000000954b000000)]
  0x000001ddf4c63800 JavaThread "C2 CompilerThread1" daemon [_thread_blocked, id=8964, stack(0x000000954b000000,0x000000954b100000)]
  0x000001ddf8f68000 JavaThread "C2 CompilerThread2" daemon [_thread_in_native, id=6760, stack(0x000000954b100000,0x000000954b200000)]

Other Threads:
=>0x000001ddf4ab9000 VMThread "VM Thread" [stack: 0x000000954a500000,0x000000954a600000] [id=22068]
  0x000001ddf4c5f800 WatcherThread [stack: 0x000000954ae00000,0x000000954af00000] [id=25268]
  0x000001ddd51ba800 GCTaskThread "GC Thread#0" [stack: 0x000000954a000000,0x000000954a100000] [id=11964]
  0x000001ddf52de000 GCTaskThread "GC Thread#1" [stack: 0x000000954b200000,0x000000954b300000] [id=12668]
  0x000001ddf53a7800 GCTaskThread "GC Thread#2" [stack: 0x000000954b300000,0x000000954b400000] [id=1096]
  0x000001ddf53a8000 GCTaskThread "GC Thread#3" [stack: 0x000000954b400000,0x000000954b500000] [id=22420]
  0x000001ddf53ef800 GCTaskThread "GC Thread#4" [stack: 0x000000954b500000,0x000000954b600000] [id=5032]
  0x000001ddf53f1000 GCTaskThread "GC Thread#5" [stack: 0x000000954b600000,0x000000954b700000] [id=10220]
  0x000001ddd5218000 ConcurrentGCThread "G1 Main Marker" [stack: 0x000000954a100000,0x000000954a200000] [id=7664]
  0x000001ddd521b000 ConcurrentGCThread "G1 Conc#0" [stack: 0x000000954a200000,0x000000954a300000] [id=6200]
  0x000001ddf55cf000 ConcurrentGCThread "G1 Conc#1" [stack: 0x000000954b700000,0x000000954b800000] [id=18920]
  0x000001ddf40d7000 ConcurrentGCThread "G1 Refine#0" [stack: 0x000000954a300000,0x000000954a400000] [id=15796]
  0x000001ddf54da800 ConcurrentGCThread "G1 Refine#1" [stack: 0x000000954b800000,0x000000954b900000] [id=22380]
  0x000001ddf5ee7000 ConcurrentGCThread "G1 Refine#2" [stack: 0x000000954b900000,0x000000954ba00000] [id=22356]
  0x000001ddf612f000 ConcurrentGCThread "G1 Refine#3" [stack: 0x000000954ba00000,0x000000954bb00000] [id=16960]
  0x000001ddf40d8800 ConcurrentGCThread "G1 Young RemSet Sampling" [stack: 0x000000954a400000,0x000000954a500000] [id=3020]

Threads with active compile tasks:
C2 CompilerThread0   5213 4955       4       org.jetbrains.kotlin.com.intellij.lang.impl.PsiBuilderImpl$StartMarker::done (46 bytes)
C2 CompilerThread1   5214 4856       4       org.jetbrains.kotlin.com.intellij.psi.impl.source.CharTableImpl::intern (71 bytes)
C2 CompilerThread2   5214 4935       4       org.jetbrains.kotlin.com.intellij.lang.impl.PsiBuilderImpl::processDone (96 bytes)

VM state:at safepoint (normal execution)

VM Mutex/Monitor currently owned by a thread:  ([mutex/lock_event])
[0x000001ddd519f200] Threads_lock - owner thread: 0x000001ddf4ab9000
[0x000001ddd519f5f0] Heap_lock - owner thread: 0x000001ddd51a3800

Heap address: 0x0000000702600000, size: 4058 MB, Compressed Oops mode: Zero based, Oop shift amount: 3
Narrow klass base: 0x0000000800000000, Narrow klass shift: 0
Compressed class space size: 1073741824 Address: 0x0000000800000000

Heap:
 garbage-first heap   total 312320K, used 32979K [0x0000000702600000, 0x0000000800000000)
  region size 1024K, 14 young (14336K), 14 survivors (14336K)
 Metaspace       used 52860K, capacity 53378K, committed 53500K, reserved 1095680K
  class space    used 6333K, capacity 6547K, committed 6652K, reserved 1048576K
Heap Regions: E=young(eden), S=young(survivor), O=old, HS=humongous(starts), HC=humongous(continues), CS=collection set, F=free, A=archive, TAMS=top-at-mark-start (previous, next)
|   0|0x0000000702600000, 0x0000000702700000, 0x0000000702700000|100%|HS|  |TAMS 0x0000000702700000, 0x0000000702600000| Complete 
|   1|0x0000000702700000, 0x0000000702800000, 0x0000000702800000|100%|HC|  |TAMS 0x0000000702800000, 0x0000000702700000| Complete 
|   2|0x0000000702800000, 0x0000000702900000, 0x0000000702900000|100%|HC|  |TAMS 0x0000000702900000, 0x0000000702800000| Complete 
|   3|0x0000000702900000, 0x0000000702a00000, 0x0000000702a00000|100%| O|  |TAMS 0x0000000702a00000, 0x0000000702900000| Untracked 
|   4|0x0000000702a00000, 0x0000000702b00000, 0x0000000702b00000|100%| O|  |TAMS 0x0000000702b00000, 0x0000000702a00000| Untracked 
|   5|0x0000000702b00000, 0x0000000702c00000, 0x0000000702c00000|100%| O|  |TAMS 0x0000000702c00000, 0x0000000702b00000| Untracked 
|   6|0x0000000702c00000, 0x0000000702d00000, 0x0000000702d00000|100%| O|  |TAMS 0x0000000702d00000, 0x0000000702c00000| Untracked 
|   7|0x0000000702d00000, 0x0000000702e00000, 0x0000000702e00000|100%|HS|  |TAMS 0x0000000702e00000, 0x0000000702d00000| Complete 
|   8|0x0000000702e00000, 0x0000000702f00000, 0x0000000702f00000|100%|HC|  |TAMS 0x0000000702f00000, 0x0000000702e00000| Complete 
|   9|0x0000000702f00000, 0x0000000703000000, 0x0000000703000000|100%| O|  |TAMS 0x0000000703000000, 0x0000000702f00000| Untracked 
|  10|0x0000000703000000, 0x0000000703100000, 0x0000000703100000|100%| O|  |TAMS 0x0000000703100000, 0x0000000703000000| Untracked 
|  11|0x0000000703100000, 0x0000000703200000, 0x0000000703200000|100%| O|  |TAMS 0x0000000703200000, 0x0000000703100000| Untracked 
|  12|0x0000000703200000, 0x0000000703300000, 0x0000000703300000|100%| O|  |TAMS 0x0000000703300000, 0x0000000703200000| Untracked 
|  13|0x0000000703300000, 0x0000000703400000, 0x0000000703400000|100%| O|  |TAMS 0x0000000703400000, 0x0000000703300000| Untracked 
|  14|0x0000000703400000, 0x0000000703500000, 0x0000000703500000|100%| O|  |TAMS 0x0000000703500000, 0x0000000703400000| Untracked 
|  15|0x0000000703500000, 0x0000000703600000, 0x0000000703600000|100%| O|  |TAMS 0x0000000703600000, 0x0000000703500000| Untracked 
|  16|0x0000000703600000, 0x0000000703700000, 0x0000000703700000|100%| O|  |TAMS 0x0000000703700000, 0x0000000703600000| Untracked 
|  17|0x0000000703700000, 0x0000000703800000, 0x0000000703800000|100%| O|  |TAMS 0x00000007037c7200, 0x0000000703700000| Untracked 
|  18|0x0000000703800000, 0x0000000703800000, 0x0000000703900000|  0%| F|  |TAMS 0x0000000703800000, 0x0000000703800000| Untracked 
|  19|0x0000000703900000, 0x0000000703934c00, 0x0000000703a00000| 20%| O|  |TAMS 0x0000000703900000, 0x0000000703900000| Untracked 
|  20|0x0000000703a00000, 0x0000000703a00000, 0x0000000703b00000|  0%| F|  |TAMS 0x0000000703a00000, 0x0000000703a00000| Untracked 
|  21|0x0000000703b00000, 0x0000000703b00000, 0x0000000703c00000|  0%| F|  |TAMS 0x0000000703b00000, 0x0000000703b00000| Untracked 
|  22|0x0000000703c00000, 0x0000000703c00000, 0x0000000703d00000|  0%| F|  |TAMS 0x0000000703c00000, 0x0000000703c00000| Untracked 
|  23|0x0000000703d00000, 0x0000000703d00000, 0x0000000703e00000|  0%| F|  |TAMS 0x0000000703d00000, 0x0000000703d00000| Untracked 
|  24|0x0000000703e00000, 0x0000000703e00000, 0x0000000703f00000|  0%| F|  |TAMS 0x0000000703e00000, 0x0000000703e00000| Untracked 
|  25|0x0000000703f00000, 0x0000000703f00000, 0x0000000704000000|  0%| F|  |TAMS 0x0000000703f00000, 0x0000000703f00000| Untracked 
|  26|0x0000000704000000, 0x0000000704000000, 0x0000000704100000|  0%| F|  |TAMS 0x0000000704000000, 0x0000000704000000| Untracked 
|  27|0x0000000704100000, 0x0000000704100000, 0x0000000704200000|  0%| F|  |TAMS 0x0000000704100000, 0x0000000704100000| Untracked 
|  28|0x0000000704200000, 0x0000000704200000, 0x0000000704300000|  0%| F|  |TAMS 0x0000000704200000, 0x0000000704200000| Untracked 
|  29|0x0000000704300000, 0x0000000704300000, 0x0000000704400000|  0%| F|  |TAMS 0x0000000704300000, 0x0000000704300000| Untracked 
|  30|0x0000000704400000, 0x0000000704400000, 0x0000000704500000|  0%| F|  |TAMS 0x0000000704400000, 0x0000000704400000| Untracked 
|  31|0x0000000704500000, 0x0000000704500000, 0x0000000704600000|  0%| F|  |TAMS 0x0000000704500000, 0x0000000704500000| Untracked 
|  32|0x0000000704600000, 0x0000000704600000, 0x0000000704700000|  0%| F|  |TAMS 0x0000000704600000, 0x0000000704600000| Untracked 
|  33|0x0000000704700000, 0x0000000704700000, 0x0000000704800000|  0%| F|  |TAMS 0x0000000704700000, 0x0000000704700000| Untracked 
|  34|0x0000000704800000, 0x0000000704800000, 0x0000000704900000|  0%| F|  |TAMS 0x0000000704800000, 0x0000000704800000| Untracked 
|  35|0x0000000704900000, 0x0000000704900000, 0x0000000704a00000|  0%| F|  |TAMS 0x0000000704900000, 0x0000000704900000| Untracked 
|  36|0x0000000704a00000, 0x0000000704a00000, 0x0000000704b00000|  0%| F|  |TAMS 0x0000000704a00000, 0x0000000704a00000| Untracked 
|  37|0x0000000704b00000, 0x0000000704b00000, 0x0000000704c00000|  0%| F|  |TAMS 0x0000000704b00000, 0x0000000704b00000| Untracked 
|  38|0x0000000704c00000, 0x0000000704c00000, 0x0000000704d00000|  0%| F|  |TAMS 0x0000000704c00000, 0x0000000704c00000| Untracked 
|  39|0x0000000704d00000, 0x0000000704d00000, 0x0000000704e00000|  0%| F|  |TAMS 0x0000000704d00000, 0x0000000704d00000| Untracked 
|  40|0x0000000704e00000, 0x0000000704e00000, 0x0000000704f00000|  0%| F|  |TAMS 0x0000000704e00000, 0x0000000704e00000| Untracked 
|  41|0x0000000704f00000, 0x0000000704f00000, 0x0000000705000000|  0%| F|  |TAMS 0x0000000704f00000, 0x0000000704f00000| Untracked 
|  42|0x0000000705000000, 0x0000000705000000, 0x0000000705100000|  0%| F|  |TAMS 0x0000000705000000, 0x0000000705000000| Untracked 
|  43|0x0000000705100000, 0x0000000705100000, 0x0000000705200000|  0%| F|  |TAMS 0x0000000705100000, 0x0000000705100000| Untracked 
|  44|0x0000000705200000, 0x0000000705200000, 0x0000000705300000|  0%| F|  |TAMS 0x0000000705200000, 0x0000000705200000| Untracked 
|  45|0x0000000705300000, 0x0000000705300000, 0x0000000705400000|  0%| F|  |TAMS 0x0000000705300000, 0x0000000705300000| Untracked 
|  46|0x0000000705400000, 0x0000000705400000, 0x0000000705500000|  0%| F|  |TAMS 0x0000000705400000, 0x0000000705400000| Untracked 
|  47|0x0000000705500000, 0x0000000705500000, 0x0000000705600000|  0%| F|  |TAMS 0x0000000705500000, 0x0000000705500000| Untracked 
|  48|0x0000000705600000, 0x0000000705600000, 0x0000000705700000|  0%| F|  |TAMS 0x0000000705600000, 0x0000000705600000| Untracked 
|  49|0x0000000705700000, 0x0000000705700000, 0x0000000705800000|  0%| F|  |TAMS 0x0000000705700000, 0x0000000705700000| Untracked 
|  50|0x0000000705800000, 0x0000000705800000, 0x0000000705900000|  0%| F|  |TAMS 0x0000000705800000, 0x0000000705800000| Untracked 
|  51|0x0000000705900000, 0x0000000705900000, 0x0000000705a00000|  0%| F|  |TAMS 0x0000000705900000, 0x0000000705900000| Untracked 
|  52|0x0000000705a00000, 0x0000000705a00000, 0x0000000705b00000|  0%| F|  |TAMS 0x0000000705a00000, 0x0000000705a00000| Untracked 
|  53|0x0000000705b00000, 0x0000000705b00000, 0x0000000705c00000|  0%| F|  |TAMS 0x0000000705b00000, 0x0000000705b00000| Untracked 
|  54|0x0000000705c00000, 0x0000000705c00000, 0x0000000705d00000|  0%| F|  |TAMS 0x0000000705c00000, 0x0000000705c00000| Untracked 
|  55|0x0000000705d00000, 0x0000000705d00000, 0x0000000705e00000|  0%| F|  |TAMS 0x0000000705d00000, 0x0000000705d00000| Untracked 
|  56|0x0000000705e00000, 0x0000000705e00000, 0x0000000705f00000|  0%| F|  |TAMS 0x0000000705e00000, 0x0000000705e00000| Untracked 
|  57|0x0000000705f00000, 0x0000000705f00000, 0x0000000706000000|  0%| F|  |TAMS 0x0000000705f00000, 0x0000000705f00000| Untracked 
|  58|0x0000000706000000, 0x0000000706000000, 0x0000000706100000|  0%| F|  |TAMS 0x0000000706000000, 0x0000000706000000| Untracked 
|  59|0x0000000706100000, 0x0000000706100000, 0x0000000706200000|  0%| F|  |TAMS 0x0000000706100000, 0x0000000706100000| Untracked 
|  60|0x0000000706200000, 0x0000000706200000, 0x0000000706300000|  0%| F|  |TAMS 0x0000000706200000, 0x0000000706200000| Untracked 
|  61|0x0000000706300000, 0x0000000706300000, 0x0000000706400000|  0%| F|  |TAMS 0x0000000706300000, 0x0000000706300000| Untracked 
|  62|0x0000000706400000, 0x0000000706400000, 0x0000000706500000|  0%| F|  |TAMS 0x0000000706400000, 0x0000000706400000| Untracked 
|  63|0x0000000706500000, 0x0000000706500000, 0x0000000706600000|  0%| F|  |TAMS 0x0000000706500000, 0x0000000706500000| Untracked 
|  64|0x0000000706600000, 0x0000000706600000, 0x0000000706700000|  0%| F|  |TAMS 0x0000000706600000, 0x0000000706600000| Untracked 
|  65|0x0000000706700000, 0x0000000706700000, 0x0000000706800000|  0%| F|  |TAMS 0x0000000706700000, 0x0000000706700000| Untracked 
|  66|0x0000000706800000, 0x0000000706800000, 0x0000000706900000|  0%| F|  |TAMS 0x0000000706800000, 0x0000000706800000| Untracked 
|  67|0x0000000706900000, 0x0000000706900000, 0x0000000706a00000|  0%| F|  |TAMS 0x0000000706900000, 0x0000000706900000| Untracked 
|  68|0x0000000706a00000, 0x0000000706a00000, 0x0000000706b00000|  0%| F|  |TAMS 0x0000000706a00000, 0x0000000706a00000| Untracked 
|  69|0x0000000706b00000, 0x0000000706b00000, 0x0000000706c00000|  0%| F|  |TAMS 0x0000000706b00000, 0x0000000706b00000| Untracked 
|  70|0x0000000706c00000, 0x0000000706c00000, 0x0000000706d00000|  0%| F|  |TAMS 0x0000000706c00000, 0x0000000706c00000| Untracked 
|  71|0x0000000706d00000, 0x0000000706d00000, 0x0000000706e00000|  0%| F|  |TAMS 0x0000000706d00000, 0x0000000706d00000| Untracked 
|  72|0x0000000706e00000, 0x0000000706e00000, 0x0000000706f00000|  0%| F|  |TAMS 0x0000000706e00000, 0x0000000706e00000| Untracked 
|  73|0x0000000706f00000, 0x0000000706f00000, 0x0000000707000000|  0%| F|  |TAMS 0x0000000706f00000, 0x0000000706f00000| Untracked 
|  74|0x0000000707000000, 0x0000000707000000, 0x0000000707100000|  0%| F|  |TAMS 0x0000000707000000, 0x0000000707000000| Untracked 
|  75|0x0000000707100000, 0x0000000707100000, 0x0000000707200000|  0%| F|  |TAMS 0x0000000707100000, 0x0000000707100000| Untracked 
|  76|0x0000000707200000, 0x0000000707200000, 0x0000000707300000|  0%| F|  |TAMS 0x0000000707200000, 0x0000000707200000| Untracked 
|  77|0x0000000707300000, 0x0000000707300000, 0x0000000707400000|  0%| F|  |TAMS 0x0000000707300000, 0x0000000707300000| Untracked 
|  78|0x0000000707400000, 0x0000000707400000, 0x0000000707500000|  0%| F|  |TAMS 0x0000000707400000, 0x0000000707400000| Untracked 
|  79|0x0000000707500000, 0x0000000707500000, 0x0000000707600000|  0%| F|  |TAMS 0x0000000707500000, 0x0000000707500000| Untracked 
|  80|0x0000000707600000, 0x0000000707600000, 0x0000000707700000|  0%| F|  |TAMS 0x0000000707600000, 0x0000000707600000| Untracked 
|  81|0x0000000707700000, 0x0000000707700000, 0x0000000707800000|  0%| F|  |TAMS 0x0000000707700000, 0x0000000707700000| Untracked 
|  82|0x0000000707800000, 0x0000000707800000, 0x0000000707900000|  0%| F|  |TAMS 0x0000000707800000, 0x0000000707800000| Untracked 
|  83|0x0000000707900000, 0x0000000707900000, 0x0000000707a00000|  0%| F|  |TAMS 0x0000000707900000, 0x0000000707900000| Untracked 
|  84|0x0000000707a00000, 0x0000000707a00000, 0x0000000707b00000|  0%| F|  |TAMS 0x0000000707a00000, 0x0000000707a00000| Untracked 
|  85|0x0000000707b00000, 0x0000000707b00000, 0x0000000707c00000|  0%| F|  |TAMS 0x0000000707b00000, 0x0000000707b00000| Untracked 
|  86|0x0000000707c00000, 0x0000000707c00000, 0x0000000707d00000|  0%| F|  |TAMS 0x0000000707c00000, 0x0000000707c00000| Untracked 
|  87|0x0000000707d00000, 0x0000000707d00000, 0x0000000707e00000|  0%| F|  |TAMS 0x0000000707d00000, 0x0000000707d00000| Untracked 
|  88|0x0000000707e00000, 0x0000000707e00000, 0x0000000707f00000|  0%| F|  |TAMS 0x0000000707e00000, 0x0000000707e00000| Untracked 
|  89|0x0000000707f00000, 0x0000000707f00000, 0x0000000708000000|  0%| F|  |TAMS 0x0000000707f00000, 0x0000000707f00000| Untracked 
|  90|0x0000000708000000, 0x0000000708000000, 0x0000000708100000|  0%| F|  |TAMS 0x0000000708000000, 0x0000000708000000| Untracked 
|  91|0x0000000708100000, 0x0000000708100000, 0x0000000708200000|  0%| F|  |TAMS 0x0000000708100000, 0x0000000708100000| Untracked 
|  92|0x0000000708200000, 0x0000000708200000, 0x0000000708300000|  0%| F|  |TAMS 0x0000000708200000, 0x0000000708200000| Untracked 
|  93|0x0000000708300000, 0x0000000708300000, 0x0000000708400000|  0%| F|  |TAMS 0x0000000708300000, 0x0000000708300000| Untracked 
|  94|0x0000000708400000, 0x0000000708400000, 0x0000000708500000|  0%| F|  |TAMS 0x0000000708400000, 0x0000000708400000| Untracked 
|  95|0x0000000708500000, 0x0000000708500000, 0x0000000708600000|  0%| F|  |TAMS 0x0000000708500000, 0x0000000708500000| Untracked 
|  96|0x0000000708600000, 0x0000000708600000, 0x0000000708700000|  0%| F|  |TAMS 0x0000000708600000, 0x0000000708600000| Untracked 
|  97|0x0000000708700000, 0x0000000708700000, 0x0000000708800000|  0%| F|  |TAMS 0x0000000708700000, 0x0000000708700000| Untracked 
|  98|0x0000000708800000, 0x0000000708800000, 0x0000000708900000|  0%| F|  |TAMS 0x0000000708800000, 0x0000000708800000| Untracked 
|  99|0x0000000708900000, 0x0000000708900000, 0x0000000708a00000|  0%| F|  |TAMS 0x0000000708900000, 0x0000000708900000| Untracked 
| 100|0x0000000708a00000, 0x0000000708a00000, 0x0000000708b00000|  0%| F|  |TAMS 0x0000000708a00000, 0x0000000708a00000| Untracked 
| 101|0x0000000708b00000, 0x0000000708b00000, 0x0000000708c00000|  0%| F|  |TAMS 0x0000000708b00000, 0x0000000708b00000| Untracked 
| 102|0x0000000708c00000, 0x0000000708c00000, 0x0000000708d00000|  0%| F|  |TAMS 0x0000000708c00000, 0x0000000708c00000| Untracked 
| 103|0x0000000708d00000, 0x0000000708d00000, 0x0000000708e00000|  0%| F|  |TAMS 0x0000000708d00000, 0x0000000708d00000| Untracked 
| 104|0x0000000708e00000, 0x0000000708e00000, 0x0000000708f00000|  0%| F|  |TAMS 0x0000000708e00000, 0x0000000708e00000| Untracked 
| 105|0x0000000708f00000, 0x0000000708f00000, 0x0000000709000000|  0%| F|  |TAMS 0x0000000708f00000, 0x0000000708f00000| Untracked 
| 106|0x0000000709000000, 0x0000000709000000, 0x0000000709100000|  0%| F|  |TAMS 0x0000000709000000, 0x0000000709000000| Untracked 
| 107|0x0000000709100000, 0x0000000709100000, 0x0000000709200000|  0%| F|  |TAMS 0x0000000709100000, 0x0000000709100000| Untracked 
| 108|0x0000000709200000, 0x0000000709200000, 0x0000000709300000|  0%| F|  |TAMS 0x0000000709200000, 0x0000000709200000| Untracked 
| 109|0x0000000709300000, 0x0000000709300000, 0x0000000709400000|  0%| F|  |TAMS 0x0000000709300000, 0x0000000709300000| Untracked 
| 110|0x0000000709400000, 0x0000000709400000, 0x0000000709500000|  0%| F|  |TAMS 0x0000000709400000, 0x0000000709400000| Untracked 
| 111|0x0000000709500000, 0x0000000709500000, 0x0000000709600000|  0%| F|  |TAMS 0x0000000709500000, 0x0000000709500000| Untracked 
| 112|0x0000000709600000, 0x0000000709600000, 0x0000000709700000|  0%| F|  |TAMS 0x0000000709600000, 0x0000000709600000| Untracked 
| 113|0x0000000709700000, 0x0000000709700000, 0x0000000709800000|  0%| F|  |TAMS 0x0000000709700000, 0x0000000709700000| Untracked 
| 114|0x0000000709800000, 0x0000000709800000, 0x0000000709900000|  0%| F|  |TAMS 0x0000000709800000, 0x0000000709800000| Untracked 
| 115|0x0000000709900000, 0x0000000709900000, 0x0000000709a00000|  0%| F|  |TAMS 0x0000000709900000, 0x0000000709900000| Untracked 
| 116|0x0000000709a00000, 0x0000000709a00000, 0x0000000709b00000|  0%| F|  |TAMS 0x0000000709a00000, 0x0000000709a00000| Untracked 
| 117|0x0000000709b00000, 0x0000000709b00000, 0x0000000709c00000|  0%| F|  |TAMS 0x0000000709b00000, 0x0000000709b00000| Untracked 
| 118|0x0000000709c00000, 0x0000000709c00000, 0x0000000709d00000|  0%| F|  |TAMS 0x0000000709c00000, 0x0000000709c00000| Untracked 
| 119|0x0000000709d00000, 0x0000000709d00000, 0x0000000709e00000|  0%| F|  |TAMS 0x0000000709d00000, 0x0000000709d00000| Untracked 
| 120|0x0000000709e00000, 0x0000000709e00000, 0x0000000709f00000|  0%| F|  |TAMS 0x0000000709e00000, 0x0000000709e00000| Untracked 
| 121|0x0000000709f00000, 0x0000000709f00000, 0x000000070a000000|  0%| F|  |TAMS 0x0000000709f00000, 0x0000000709f00000| Untracked 
| 122|0x000000070a000000, 0x000000070a000000, 0x000000070a100000|  0%| F|  |TAMS 0x000000070a000000, 0x000000070a000000| Untracked 
| 123|0x000000070a100000, 0x000000070a100000, 0x000000070a200000|  0%| F|  |TAMS 0x000000070a100000, 0x000000070a100000| Untracked 
| 124|0x000000070a200000, 0x000000070a200000, 0x000000070a300000|  0%| F|  |TAMS 0x000000070a200000, 0x000000070a200000| Untracked 
| 125|0x000000070a300000, 0x000000070a300000, 0x000000070a400000|  0%| F|  |TAMS 0x000000070a300000, 0x000000070a300000| Untracked 
| 126|0x000000070a400000, 0x000000070a400000, 0x000000070a500000|  0%| F|  |TAMS 0x000000070a400000, 0x000000070a400000| Untracked 
| 127|0x000000070a500000, 0x000000070a500000, 0x000000070a600000|  0%| F|  |TAMS 0x000000070a500000, 0x000000070a500000| Untracked 
| 128|0x000000070a600000, 0x000000070a700000, 0x000000070a700000|100%| S|CS|TAMS 0x000000070a600000, 0x000000070a600000| Complete 
| 129|0x000000070a700000, 0x000000070a800000, 0x000000070a800000|100%| S|CS|TAMS 0x000000070a700000, 0x000000070a700000| Complete 
| 130|0x000000070a800000, 0x000000070a900000, 0x000000070a900000|100%| S|CS|TAMS 0x000000070a800000, 0x000000070a800000| Complete 
| 131|0x000000070a900000, 0x000000070aa00000, 0x000000070aa00000|100%| S|CS|TAMS 0x000000070a900000, 0x000000070a900000| Complete 
| 132|0x000000070aa00000, 0x000000070ab00000, 0x000000070ab00000|100%| S|CS|TAMS 0x000000070aa00000, 0x000000070aa00000| Complete 
| 133|0x000000070ab00000, 0x000000070ac00000, 0x000000070ac00000|100%| S|CS|TAMS 0x000000070ab00000, 0x000000070ab00000| Complete 
| 134|0x000000070ac00000, 0x000000070ad00000, 0x000000070ad00000|100%| S|CS|TAMS 0x000000070ac00000, 0x000000070ac00000| Complete 
| 135|0x000000070ad00000, 0x000000070ae00000, 0x000000070ae00000|100%| S|CS|TAMS 0x000000070ad00000, 0x000000070ad00000| Complete 
| 136|0x000000070ae00000, 0x000000070af00000, 0x000000070af00000|100%| S|CS|TAMS 0x000000070ae00000, 0x000000070ae00000| Complete 
| 137|0x000000070af00000, 0x000000070b000000, 0x000000070b000000|100%| S|CS|TAMS 0x000000070af00000, 0x000000070af00000| Complete 
| 138|0x000000070b000000, 0x000000070b100000, 0x000000070b100000|100%| S|CS|TAMS 0x000000070b000000, 0x000000070b000000| Complete 
| 139|0x000000070b100000, 0x000000070b200000, 0x000000070b200000|100%| S|CS|TAMS 0x000000070b100000, 0x000000070b100000| Complete 
| 140|0x000000070b200000, 0x000000070b300000, 0x000000070b300000|100%| S|CS|TAMS 0x000000070b200000, 0x000000070b200000| Complete 
| 141|0x000000070b300000, 0x000000070b400000, 0x000000070b400000|100%| S|CS|TAMS 0x000000070b300000, 0x000000070b300000| Complete 
| 142|0x000000070b400000, 0x000000070b400000, 0x000000070b500000|  0%| F|  |TAMS 0x000000070b400000, 0x000000070b400000| Untracked 
| 143|0x000000070b500000, 0x000000070b500000, 0x000000070b600000|  0%| F|  |TAMS 0x000000070b500000, 0x000000070b500000| Untracked 
| 144|0x000000070b600000, 0x000000070b600000, 0x000000070b700000|  0%| F|  |TAMS 0x000000070b600000, 0x000000070b600000| Untracked 
| 145|0x000000070b700000, 0x000000070b700000, 0x000000070b800000|  0%| F|  |TAMS 0x000000070b700000, 0x000000070b700000| Untracked 
| 146|0x000000070b800000, 0x000000070b800000, 0x000000070b900000|  0%| F|  |TAMS 0x000000070b800000, 0x000000070b800000| Untracked 
| 147|0x000000070b900000, 0x000000070b900000, 0x000000070ba00000|  0%| F|  |TAMS 0x000000070b900000, 0x000000070b900000| Untracked 
| 148|0x000000070ba00000, 0x000000070ba00000, 0x000000070bb00000|  0%| F|  |TAMS 0x000000070ba00000, 0x000000070ba00000| Untracked 
| 149|0x000000070bb00000, 0x000000070bb00000, 0x000000070bc00000|  0%| F|  |TAMS 0x000000070bb00000, 0x000000070bb00000| Untracked 
| 150|0x000000070bc00000, 0x000000070bc00000, 0x000000070bd00000|  0%| F|  |TAMS 0x000000070bc00000, 0x000000070bc00000| Untracked 
| 151|0x000000070bd00000, 0x000000070bd00000, 0x000000070be00000|  0%| F|  |TAMS 0x000000070bd00000, 0x000000070bd00000| Untracked 
| 152|0x000000070be00000, 0x000000070be00000, 0x000000070bf00000|  0%| F|  |TAMS 0x000000070be00000, 0x000000070be00000| Untracked 
| 153|0x000000070bf00000, 0x000000070bf00000, 0x000000070c000000|  0%| F|  |TAMS 0x000000070bf00000, 0x000000070bf00000| Untracked 
| 154|0x000000070c000000, 0x000000070c000000, 0x000000070c100000|  0%| F|  |TAMS 0x000000070c000000, 0x000000070c000000| Untracked 
| 155|0x000000070c100000, 0x000000070c100000, 0x000000070c200000|  0%| F|  |TAMS 0x000000070c100000, 0x000000070c100000| Untracked 
| 156|0x000000070c200000, 0x000000070c200000, 0x000000070c300000|  0%| F|  |TAMS 0x000000070c200000, 0x000000070c200000| Untracked 
| 157|0x000000070c300000, 0x000000070c300000, 0x000000070c400000|  0%| F|  |TAMS 0x000000070c300000, 0x000000070c300000| Untracked 
| 158|0x000000070c400000, 0x000000070c400000, 0x000000070c500000|  0%| F|  |TAMS 0x000000070c400000, 0x000000070c400000| Untracked 
| 159|0x000000070c500000, 0x000000070c500000, 0x000000070c600000|  0%| F|  |TAMS 0x000000070c500000, 0x000000070c500000| Untracked 
| 160|0x000000070c600000, 0x000000070c600000, 0x000000070c700000|  0%| F|  |TAMS 0x000000070c600000, 0x000000070c600000| Untracked 
| 161|0x000000070c700000, 0x000000070c700000, 0x000000070c800000|  0%| F|  |TAMS 0x000000070c700000, 0x000000070c700000| Untracked 
| 162|0x000000070c800000, 0x000000070c800000, 0x000000070c900000|  0%| F|  |TAMS 0x000000070c800000, 0x000000070c800000| Untracked 
| 163|0x000000070c900000, 0x000000070c900000, 0x000000070ca00000|  0%| F|  |TAMS 0x000000070c900000, 0x000000070c900000| Untracked 
| 164|0x000000070ca00000, 0x000000070ca00000, 0x000000070cb00000|  0%| F|  |TAMS 0x000000070ca00000, 0x000000070ca00000| Untracked 
| 165|0x000000070cb00000, 0x000000070cb00000, 0x000000070cc00000|  0%| F|  |TAMS 0x000000070cb00000, 0x000000070cb00000| Untracked 
| 166|0x000000070cc00000, 0x000000070cc00000, 0x000000070cd00000|  0%| F|  |TAMS 0x000000070cc00000, 0x000000070cc00000| Untracked 
| 167|0x000000070cd00000, 0x000000070cd00000, 0x000000070ce00000|  0%| F|  |TAMS 0x000000070cd00000, 0x000000070cd00000| Untracked 
| 168|0x000000070ce00000, 0x000000070ce00000, 0x000000070cf00000|  0%| F|  |TAMS 0x000000070ce00000, 0x000000070ce00000| Untracked 
| 169|0x000000070cf00000, 0x000000070cf00000, 0x000000070d000000|  0%| F|  |TAMS 0x000000070cf00000, 0x000000070cf00000| Untracked 
| 170|0x000000070d000000, 0x000000070d000000, 0x000000070d100000|  0%| F|  |TAMS 0x000000070d000000, 0x000000070d000000| Untracked 
| 171|0x000000070d100000, 0x000000070d100000, 0x000000070d200000|  0%| F|  |TAMS 0x000000070d100000, 0x000000070d100000| Untracked 
| 172|0x000000070d200000, 0x000000070d200000, 0x000000070d300000|  0%| F|  |TAMS 0x000000070d200000, 0x000000070d200000| Untracked 
| 173|0x000000070d300000, 0x000000070d300000, 0x000000070d400000|  0%| F|  |TAMS 0x000000070d300000, 0x000000070d300000| Untracked 
| 174|0x000000070d400000, 0x000000070d400000, 0x000000070d500000|  0%| F|  |TAMS 0x000000070d400000, 0x000000070d400000| Untracked 
| 175|0x000000070d500000, 0x000000070d500000, 0x000000070d600000|  0%| F|  |TAMS 0x000000070d500000, 0x000000070d500000| Untracked 
| 176|0x000000070d600000, 0x000000070d600000, 0x000000070d700000|  0%| F|  |TAMS 0x000000070d600000, 0x000000070d600000| Untracked 
| 177|0x000000070d700000, 0x000000070d700000, 0x000000070d800000|  0%| F|  |TAMS 0x000000070d700000, 0x000000070d700000| Untracked 
| 178|0x000000070d800000, 0x000000070d800000, 0x000000070d900000|  0%| F|  |TAMS 0x000000070d800000, 0x000000070d800000| Untracked 
| 179|0x000000070d900000, 0x000000070d900000, 0x000000070da00000|  0%| F|  |TAMS 0x000000070d900000, 0x000000070d900000| Untracked 
| 180|0x000000070da00000, 0x000000070da00000, 0x000000070db00000|  0%| F|  |TAMS 0x000000070da00000, 0x000000070da00000| Untracked 
| 181|0x000000070db00000, 0x000000070db00000, 0x000000070dc00000|  0%| F|  |TAMS 0x000000070db00000, 0x000000070db00000| Untracked 
| 182|0x000000070dc00000, 0x000000070dc00000, 0x000000070dd00000|  0%| F|  |TAMS 0x000000070dc00000, 0x000000070dc00000| Untracked 
| 183|0x000000070dd00000, 0x000000070dd00000, 0x000000070de00000|  0%| F|  |TAMS 0x000000070dd00000, 0x000000070dd00000| Untracked 
| 184|0x000000070de00000, 0x000000070de00000, 0x000000070df00000|  0%| F|  |TAMS 0x000000070de00000, 0x000000070de00000| Untracked 
| 185|0x000000070df00000, 0x000000070df00000, 0x000000070e000000|  0%| F|  |TAMS 0x000000070df00000, 0x000000070df00000| Untracked 
| 186|0x000000070e000000, 0x000000070e000000, 0x000000070e100000|  0%| F|  |TAMS 0x000000070e000000, 0x000000070e000000| Untracked 
| 187|0x000000070e100000, 0x000000070e100000, 0x000000070e200000|  0%| F|  |TAMS 0x000000070e100000, 0x000000070e100000| Untracked 
| 188|0x000000070e200000, 0x000000070e200000, 0x000000070e300000|  0%| F|  |TAMS 0x000000070e200000, 0x000000070e200000| Untracked 
| 189|0x000000070e300000, 0x000000070e300000, 0x000000070e400000|  0%| F|  |TAMS 0x000000070e300000, 0x000000070e300000| Untracked 
| 190|0x000000070e400000, 0x000000070e400000, 0x000000070e500000|  0%| F|  |TAMS 0x000000070e400000, 0x000000070e400000| Untracked 
| 191|0x000000070e500000, 0x000000070e500000, 0x000000070e600000|  0%| F|  |TAMS 0x000000070e500000, 0x000000070e500000| Untracked 
| 192|0x000000070e600000, 0x000000070e600000, 0x000000070e700000|  0%| F|  |TAMS 0x000000070e600000, 0x000000070e600000| Untracked 
| 193|0x000000070e700000, 0x000000070e700000, 0x000000070e800000|  0%| F|  |TAMS 0x000000070e700000, 0x000000070e700000| Untracked 
| 194|0x000000070e800000, 0x000000070e800000, 0x000000070e900000|  0%| F|  |TAMS 0x000000070e800000, 0x000000070e800000| Untracked 
| 195|0x000000070e900000, 0x000000070e900000, 0x000000070ea00000|  0%| F|  |TAMS 0x000000070e900000, 0x000000070e900000| Untracked 
| 196|0x000000070ea00000, 0x000000070ea00000, 0x000000070eb00000|  0%| F|  |TAMS 0x000000070ea00000, 0x000000070ea00000| Untracked 
| 197|0x000000070eb00000, 0x000000070eb00000, 0x000000070ec00000|  0%| F|  |TAMS 0x000000070eb00000, 0x000000070eb00000| Untracked 
| 198|0x000000070ec00000, 0x000000070ec00000, 0x000000070ed00000|  0%| F|  |TAMS 0x000000070ec00000, 0x000000070ec00000| Untracked 
| 199|0x000000070ed00000, 0x000000070ed00000, 0x000000070ee00000|  0%| F|  |TAMS 0x000000070ed00000, 0x000000070ed00000| Untracked 
| 200|0x000000070ee00000, 0x000000070ee00000, 0x000000070ef00000|  0%| F|  |TAMS 0x000000070ee00000, 0x000000070ee00000| Untracked 
| 201|0x000000070ef00000, 0x000000070ef00000, 0x000000070f000000|  0%| F|  |TAMS 0x000000070ef00000, 0x000000070ef00000| Untracked 
| 202|0x000000070f000000, 0x000000070f000000, 0x000000070f100000|  0%| F|  |TAMS 0x000000070f000000, 0x000000070f000000| Untracked 
| 203|0x000000070f100000, 0x000000070f100000, 0x000000070f200000|  0%| F|  |TAMS 0x000000070f100000, 0x000000070f100000| Untracked 
| 204|0x000000070f200000, 0x000000070f200000, 0x000000070f300000|  0%| F|  |TAMS 0x000000070f200000, 0x000000070f200000| Untracked 
| 205|0x000000070f300000, 0x000000070f300000, 0x000000070f400000|  0%| F|  |TAMS 0x000000070f300000, 0x000000070f300000| Untracked 
| 206|0x000000070f400000, 0x000000070f400000, 0x000000070f500000|  0%| F|  |TAMS 0x000000070f400000, 0x000000070f400000| Untracked 
| 207|0x000000070f500000, 0x000000070f500000, 0x000000070f600000|  0%| F|  |TAMS 0x000000070f500000, 0x000000070f500000| Untracked 
| 208|0x000000070f600000, 0x000000070f600000, 0x000000070f700000|  0%| F|  |TAMS 0x000000070f600000, 0x000000070f600000| Untracked 
| 209|0x000000070f700000, 0x000000070f700000, 0x000000070f800000|  0%| F|  |TAMS 0x000000070f700000, 0x000000070f700000| Untracked 
| 210|0x000000070f800000, 0x000000070f800000, 0x000000070f900000|  0%| F|  |TAMS 0x000000070f800000, 0x000000070f800000| Untracked 
| 211|0x000000070f900000, 0x000000070f900000, 0x000000070fa00000|  0%| F|  |TAMS 0x000000070f900000, 0x000000070f900000| Untracked 
| 212|0x000000070fa00000, 0x000000070fa00000, 0x000000070fb00000|  0%| F|  |TAMS 0x000000070fa00000, 0x000000070fa00000| Untracked 
| 213|0x000000070fb00000, 0x000000070fb00000, 0x000000070fc00000|  0%| F|  |TAMS 0x000000070fb00000, 0x000000070fb00000| Untracked 
| 214|0x000000070fc00000, 0x000000070fc00000, 0x000000070fd00000|  0%| F|  |TAMS 0x000000070fc00000, 0x000000070fc00000| Untracked 
| 215|0x000000070fd00000, 0x000000070fd00000, 0x000000070fe00000|  0%| F|  |TAMS 0x000000070fd00000, 0x000000070fd00000| Untracked 
| 216|0x000000070fe00000, 0x000000070fe00000, 0x000000070ff00000|  0%| F|  |TAMS 0x000000070fe00000, 0x000000070fe00000| Untracked 
| 217|0x000000070ff00000, 0x000000070ff00000, 0x0000000710000000|  0%| F|  |TAMS 0x000000070ff00000, 0x000000070ff00000| Untracked 
| 218|0x0000000710000000, 0x0000000710000000, 0x0000000710100000|  0%| F|  |TAMS 0x0000000710000000, 0x0000000710000000| Untracked 
| 219|0x0000000710100000, 0x0000000710100000, 0x0000000710200000|  0%| F|  |TAMS 0x0000000710100000, 0x0000000710100000| Untracked 
| 220|0x0000000710200000, 0x0000000710200000, 0x0000000710300000|  0%| F|  |TAMS 0x0000000710200000, 0x0000000710200000| Untracked 
| 221|0x0000000710300000, 0x0000000710300000, 0x0000000710400000|  0%| F|  |TAMS 0x0000000710300000, 0x0000000710300000| Untracked 
| 222|0x0000000710400000, 0x0000000710400000, 0x0000000710500000|  0%| F|  |TAMS 0x0000000710400000, 0x0000000710400000| Untracked 
| 223|0x0000000710500000, 0x0000000710500000, 0x0000000710600000|  0%| F|  |TAMS 0x0000000710500000, 0x0000000710500000| Untracked 
| 224|0x0000000710600000, 0x0000000710600000, 0x0000000710700000|  0%| F|  |TAMS 0x0000000710600000, 0x0000000710600000| Untracked 
| 225|0x0000000710700000, 0x0000000710700000, 0x0000000710800000|  0%| F|  |TAMS 0x0000000710700000, 0x0000000710700000| Untracked 
| 226|0x0000000710800000, 0x0000000710800000, 0x0000000710900000|  0%| F|  |TAMS 0x0000000710800000, 0x0000000710800000| Untracked 
| 227|0x0000000710900000, 0x0000000710900000, 0x0000000710a00000|  0%| F|  |TAMS 0x0000000710900000, 0x0000000710900000| Untracked 
| 228|0x0000000710a00000, 0x0000000710a00000, 0x0000000710b00000|  0%| F|  |TAMS 0x0000000710a00000, 0x0000000710a00000| Untracked 
| 229|0x0000000710b00000, 0x0000000710b00000, 0x0000000710c00000|  0%| F|  |TAMS 0x0000000710b00000, 0x0000000710b00000| Untracked 
| 230|0x0000000710c00000, 0x0000000710c00000, 0x0000000710d00000|  0%| F|  |TAMS 0x0000000710c00000, 0x0000000710c00000| Untracked 
| 231|0x0000000710d00000, 0x0000000710d00000, 0x0000000710e00000|  0%| F|  |TAMS 0x0000000710d00000, 0x0000000710d00000| Untracked 
| 232|0x0000000710e00000, 0x0000000710e00000, 0x0000000710f00000|  0%| F|  |TAMS 0x0000000710e00000, 0x0000000710e00000| Untracked 
| 233|0x0000000710f00000, 0x0000000710f00000, 0x0000000711000000|  0%| F|  |TAMS 0x0000000710f00000, 0x0000000710f00000| Untracked 
| 234|0x0000000711000000, 0x0000000711000000, 0x0000000711100000|  0%| F|  |TAMS 0x0000000711000000, 0x0000000711000000| Untracked 
| 235|0x0000000711100000, 0x0000000711100000, 0x0000000711200000|  0%| F|  |TAMS 0x0000000711100000, 0x0000000711100000| Untracked 
| 236|0x0000000711200000, 0x0000000711200000, 0x0000000711300000|  0%| F|  |TAMS 0x0000000711200000, 0x0000000711200000| Untracked 
| 237|0x0000000711300000, 0x0000000711300000, 0x0000000711400000|  0%| F|  |TAMS 0x0000000711300000, 0x0000000711300000| Untracked 
| 238|0x0000000711400000, 0x0000000711400000, 0x0000000711500000|  0%| F|  |TAMS 0x0000000711400000, 0x0000000711400000| Untracked 
| 239|0x0000000711500000, 0x0000000711500000, 0x0000000711600000|  0%| F|  |TAMS 0x0000000711500000, 0x0000000711500000| Untracked 
| 240|0x0000000711600000, 0x0000000711600000, 0x0000000711700000|  0%| F|  |TAMS 0x0000000711600000, 0x0000000711600000| Untracked 
| 241|0x0000000711700000, 0x0000000711700000, 0x0000000711800000|  0%| F|  |TAMS 0x0000000711700000, 0x0000000711700000| Untracked 
| 242|0x0000000711800000, 0x0000000711800000, 0x0000000711900000|  0%| F|  |TAMS 0x0000000711800000, 0x0000000711800000| Untracked 
| 243|0x0000000711900000, 0x0000000711900000, 0x0000000711a00000|  0%| F|  |TAMS 0x0000000711900000, 0x0000000711900000| Untracked 
| 244|0x0000000711a00000, 0x0000000711a00000, 0x0000000711b00000|  0%| F|  |TAMS 0x0000000711a00000, 0x0000000711a00000| Untracked 
| 245|0x0000000711b00000, 0x0000000711b00000, 0x0000000711c00000|  0%| F|  |TAMS 0x0000000711b00000, 0x0000000711b00000| Untracked 
| 246|0x0000000711c00000, 0x0000000711c00000, 0x0000000711d00000|  0%| F|  |TAMS 0x0000000711c00000, 0x0000000711c00000| Untracked 
| 247|0x0000000711d00000, 0x0000000711d00000, 0x0000000711e00000|  0%| F|  |TAMS 0x0000000711d00000, 0x0000000711d00000| Untracked 
| 248|0x0000000711e00000, 0x0000000711e00000, 0x0000000711f00000|  0%| F|  |TAMS 0x0000000711e00000, 0x0000000711e00000| Untracked 
| 249|0x0000000711f00000, 0x0000000711f00000, 0x0000000712000000|  0%| F|  |TAMS 0x0000000711f00000, 0x0000000711f00000| Untracked 
| 250|0x0000000712000000, 0x0000000712000000, 0x0000000712100000|  0%| F|  |TAMS 0x0000000712000000, 0x0000000712000000| Untracked 
| 251|0x0000000712100000, 0x0000000712100000, 0x0000000712200000|  0%| F|  |TAMS 0x0000000712100000, 0x0000000712100000| Untracked 
| 252|0x0000000712200000, 0x0000000712200000, 0x0000000712300000|  0%| F|  |TAMS 0x0000000712200000, 0x0000000712200000| Untracked 
| 253|0x0000000712300000, 0x0000000712300000, 0x0000000712400000|  0%| F|  |TAMS 0x0000000712300000, 0x0000000712300000| Untracked 

Card table byte_map: [0x000001dde87c0000,0x000001dde8fb0000] _byte_map_base: 0x000001dde4fad000

Marking Bits (Prev, Next): (CMBitMap*) 0x000001ddd52071f8, (CMBitMap*) 0x000001ddd5207230
 Prev Bits: [0x000001dde97a0000, 0x000001dded708000)
 Next Bits: [0x000001dded710000, 0x000001ddf1678000)

Polling page: 0x000001ddd4980000

Metaspace:

Usage:
  Non-class:     45.73 MB capacity,    45.44 MB (>99%) used,   223.18 KB ( <1%) free+waste,    80.56 KB ( <1%) overhead. 
      Class:      6.39 MB capacity,     6.18 MB ( 97%) used,   177.77 KB (  3%) free+waste,    36.00 KB ( <1%) overhead. 
       Both:     52.13 MB capacity,    51.62 MB (>99%) used,   400.95 KB ( <1%) free+waste,   116.56 KB ( <1%) overhead. 

Virtual space:
  Non-class space:       46.00 MB reserved,      45.75 MB (>99%) committed 
      Class space:        1.00 GB reserved,       6.50 MB ( <1%) committed 
             Both:        1.04 GB reserved,      52.25 MB (  5%) committed 

Chunk freelists:
   Non-Class:  17.00 KB
       Class:  13.00 KB
        Both:  30.00 KB

MaxMetaspaceSize: 17179869184.00 GB
CompressedClassSpaceSize: 1.00 GB

CodeHeap 'non-profiled nmethods': size=120000Kb used=2402Kb max_used=2402Kb free=117597Kb
 bounds [0x000001dde0770000, 0x000001dde09e0000, 0x000001dde7ca0000]
CodeHeap 'profiled nmethods': size=120000Kb used=10744Kb max_used=10744Kb free=109255Kb
 bounds [0x000001ddd9240000, 0x000001ddd9cc0000, 0x000001dde0770000]
CodeHeap 'non-nmethods': size=5760Kb used=1183Kb max_used=1240Kb free=4576Kb
 bounds [0x000001ddd8ca0000, 0x000001ddd8f10000, 0x000001ddd9240000]
 total_blobs=5395 nmethods=4881 adapters=423
 compilation: enabled
              stopped_count=0, restarted_count=0
 full_count=0

Compilation events (20 events):
Event: 5.125 Thread 0x000001ddf4b20000 nmethod 4949 0x000001dde09c6c10 code [0x000001dde09c6dc0, 0x000001dde09c6e98]
Event: 5.125 Thread 0x000001ddf4b20000 4969       4       gnu.trove.TIntArrayList::insert (63 bytes)
Event: 5.131 Thread 0x000001ddf4b21800 4972       3       sun.invoke.util.Wrapper::isSubwordOrInt (20 bytes)
Event: 5.132 Thread 0x000001ddf4b21800 nmethod 4972 0x000001ddd9cbbd90 code [0x000001ddd9cbbf60, 0x000001ddd9cbc378]
Event: 5.132 Thread 0x000001ddf4b21800 4973       3       sun.invoke.util.Wrapper::isIntegral (23 bytes)
Event: 5.132 Thread 0x000001ddf4b21800 nmethod 4973 0x000001ddd9cbc490 code [0x000001ddd9cbc640, 0x000001ddd9cbc898]
Event: 5.132 Thread 0x000001ddf4b21800 4974       3       sun.invoke.util.Wrapper::isNumeric (16 bytes)
Event: 5.132 Thread 0x000001ddf4b21800 nmethod 4974 0x000001ddd9cbc990 code [0x000001ddd9cbcb40, 0x000001ddd9cbcc98]
Event: 5.159 Thread 0x000001ddf4b20000 nmethod 4969 0x000001dde09c7610 code [0x000001dde09c77c0, 0x000001dde09c7ff8]
Event: 5.159 Thread 0x000001ddf4b20000 4936       4       org.jetbrains.kotlin.com.intellij.lang.impl.PsiBuilderImpl::doValidityChecks (42 bytes)
Event: 5.159 Thread 0x000001ddf4b21800 4977       3       org.jetbrains.kotlin.com.intellij.util.keyFMap.ArrayBackedFMap::get (33 bytes)
Event: 5.160 Thread 0x000001ddf4b21800 nmethod 4977 0x000001ddd9cbcd10 code [0x000001ddd9cbcee0, 0x000001ddd9cbd158]
Event: 5.160 Thread 0x000001ddf4b21800 4978       3       org.jetbrains.kotlin.com.intellij.util.keyFMap.ArrayBackedFMap::indexOf (50 bytes)
Event: 5.160 Thread 0x000001ddf4b21800 nmethod 4978 0x000001ddd9cbd290 code [0x000001ddd9cbd460, 0x000001ddd9cbd6d8]
Event: 5.161 Thread 0x000001ddf4b20000 nmethod 4936 0x000001dde09c8310 code [0x000001dde09c84a0, 0x000001dde09c8558]
Event: 5.161 Thread 0x000001ddf4b20000 4955       4       org.jetbrains.kotlin.com.intellij.lang.impl.PsiBuilderImpl$StartMarker::done (46 bytes)
Event: 5.163 Thread 0x000001ddf4b21800 4979       3       org.jetbrains.kotlin.com.intellij.util.ConcurrencyUtil::cacheOrGet (76 bytes)
Event: 5.163 Thread 0x000001ddf4b21800 nmethod 4979 0x000001ddd9cbd810 code [0x000001ddd9cbda40, 0x000001ddd9cbdfa8]
Event: 5.173 Thread 0x000001ddf4b21800 4984       1       org.jetbrains.kotlin.load.java.lazy.LazyJavaResolverContext::getTypeParameterResolver (5 bytes)
Event: 5.173 Thread 0x000001ddf4b21800 nmethod 4984 0x000001dde09c8690 code [0x000001dde09c8840, 0x000001dde09c88f8]

GC Heap History (11 events):
Event: 0.472 GC heap before
{Heap before GC invocations=0 (full 0):
 garbage-first heap   total 260096K, used 27648K [0x0000000702600000, 0x0000000800000000)
  region size 1024K, 24 young (24576K), 0 survivors (0K)
 Metaspace       used 12476K, capacity 12590K, committed 12800K, reserved 1060864K
  class space    used 1167K, capacity 1216K, committed 1280K, reserved 1048576K
}
Event: 0.475 GC heap after
{Heap after GC invocations=1 (full 0):
 garbage-first heap   total 260096K, used 5798K [0x0000000702600000, 0x0000000800000000)
  region size 1024K, 3 young (3072K), 3 survivors (3072K)
 Metaspace       used 12476K, capacity 12590K, committed 12800K, reserved 1060864K
  class space    used 1167K, capacity 1216K, committed 1280K, reserved 1048576K
}
Event: 0.945 GC heap before
{Heap before GC invocations=1 (full 0):
 garbage-first heap   total 260096K, used 42662K [0x0000000702600000, 0x0000000800000000)
  region size 1024K, 40 young (40960K), 3 survivors (3072K)
 Metaspace       used 21056K, capacity 21242K, committed 21296K, reserved 1069056K
  class space    used 2235K, capacity 2315K, committed 2352K, reserved 1048576K
}
Event: 0.953 GC heap after
{Heap after GC invocations=2 (full 0):
 garbage-first heap   total 260096K, used 9416K [0x0000000702600000, 0x0000000800000000)
  region size 1024K, 7 young (7168K), 7 survivors (7168K)
 Metaspace       used 21056K, capacity 21242K, committed 21296K, reserved 1069056K
  class space    used 2235K, capacity 2315K, committed 2352K, reserved 1048576K
}
Event: 1.645 GC heap before
{Heap before GC invocations=3 (full 0):
 garbage-first heap   total 260096K, used 66760K [0x0000000702600000, 0x0000000800000000)
  region size 1024K, 57 young (58368K), 7 survivors (7168K)
 Metaspace       used 31027K, capacity 31376K, committed 31612K, reserved 1077248K
  class space    used 3468K, capacity 3613K, committed 3708K, reserved 1048576K
}
Event: 1.658 GC heap after
{Heap after GC invocations=4 (full 0):
 garbage-first heap   total 260096K, used 18005K [0x0000000702600000, 0x0000000800000000)
  region size 1024K, 8 young (8192K), 8 survivors (8192K)
 Metaspace       used 31027K, capacity 31376K, committed 31612K, reserved 1077248K
  class space    used 3468K, capacity 3613K, committed 3708K, reserved 1048576K
}
Event: 1.874 GC heap before
{Heap before GC invocations=4 (full 0):
 garbage-first heap   total 260096K, used 34389K [0x0000000702600000, 0x0000000800000000)
  region size 1024K, 24 young (24576K), 8 survivors (8192K)
 Metaspace       used 34592K, capacity 34870K, committed 35068K, reserved 1079296K
  class space    used 4081K, capacity 4222K, committed 4348K, reserved 1048576K
}
Event: 1.882 GC heap after
{Heap after GC invocations=5 (full 0):
 garbage-first heap   total 260096K, used 20486K [0x0000000702600000, 0x0000000800000000)
  region size 1024K, 3 young (3072K), 3 survivors (3072K)
 Metaspace       used 34592K, capacity 34870K, committed 35068K, reserved 1079296K
  class space    used 4081K, capacity 4222K, committed 4348K, reserved 1048576K
}
Event: 1.947 GC heap before
{Heap before GC invocations=5 (full 0):
 garbage-first heap   total 260096K, used 24582K [0x0000000702600000, 0x0000000800000000)
  region size 1024K, 8 young (8192K), 3 survivors (3072K)
 Metaspace       used 35533K, capacity 35836K, committed 35964K, reserved 1081344K
  class space    used 4230K, capacity 4352K, committed 4476K, reserved 1048576K
}
Event: 1.951 GC heap after
{Heap after GC invocations=6 (full 0):
 garbage-first heap   total 260096K, used 20537K [0x0000000702600000, 0x0000000800000000)
  region size 1024K, 3 young (3072K), 3 survivors (3072K)
 Metaspace       used 35533K, capacity 35836K, committed 35964K, reserved 1081344K
  class space    used 4230K, capacity 4352K, committed 4476K, reserved 1048576K
}
Event: 5.175 GC heap before
{Heap before GC invocations=7 (full 0):
 garbage-first heap   total 260096K, used 133177K [0x0000000702600000, 0x0000000800000000)
  region size 1024K, 112 young (114688K), 3 survivors (3072K)
 Metaspace       used 52860K, capacity 53378K, committed 53500K, reserved 1095680K
  class space    used 6333K, capacity 6547K, committed 6652K, reserved 1048576K
}

Deoptimization events (20 events):
Event: 4.879 Thread 0x000001ddd51a3800 Uncommon trap: trap_request=0xffffffde fr.pc=0x000001dde08fe970 relative=0x0000000000000210
Event: 4.879 Thread 0x000001ddd51a3800 Uncommon trap: reason=class_check action=maybe_recompile pc=0x000001dde08fe970 method=org.jetbrains.kotlin.com.intellij.psi.impl.source.tree.CompositeElement.getPsi()Lorg/jetbrains/kotlin/com/intellij/psi/PsiElement; @ 15 c2
Event: 4.879 Thread 0x000001ddd51a3800 DEOPT PACKING pc=0x000001dde08fe970 sp=0x0000009549ffb8a0
Event: 4.879 Thread 0x000001ddd51a3800 DEOPT UNPACKING pc=0x000001ddd8cc68af sp=0x0000009549ffb858 mode 2
Event: 4.883 Thread 0x000001ddd51a3800 Uncommon trap: trap_request=0xffffffde fr.pc=0x000001dde08fe970 relative=0x0000000000000210
Event: 4.883 Thread 0x000001ddd51a3800 Uncommon trap: reason=class_check action=maybe_recompile pc=0x000001dde08fe970 method=org.jetbrains.kotlin.com.intellij.psi.impl.source.tree.CompositeElement.getPsi()Lorg/jetbrains/kotlin/com/intellij/psi/PsiElement; @ 15 c2
Event: 4.883 Thread 0x000001ddd51a3800 DEOPT PACKING pc=0x000001dde08fe970 sp=0x0000009549ffbab0
Event: 4.883 Thread 0x000001ddd51a3800 DEOPT UNPACKING pc=0x000001ddd8cc68af sp=0x0000009549ffba68 mode 2
Event: 5.139 Thread 0x000001ddd51a3800 Uncommon trap: trap_request=0xffffff4d fr.pc=0x000001dde09b203c relative=0x00000000000001fc
Event: 5.139 Thread 0x000001ddd51a3800 Uncommon trap: reason=unstable_if action=reinterpret pc=0x000001dde09b203c method=org.jetbrains.kotlin.com.intellij.util.keyFMap.ArrayBackedFMap.indexOf(I)I @ 8 c2
Event: 5.139 Thread 0x000001ddd51a3800 DEOPT PACKING pc=0x000001dde09b203c sp=0x0000009549ffc720
Event: 5.139 Thread 0x000001ddd51a3800 DEOPT UNPACKING pc=0x000001ddd8cc68af sp=0x0000009549ffc5d8 mode 2
Event: 5.139 Thread 0x000001ddd51a3800 Uncommon trap: trap_request=0xffffff4d fr.pc=0x000001dde09b2d04 relative=0x0000000000000144
Event: 5.139 Thread 0x000001ddd51a3800 Uncommon trap: reason=unstable_if action=reinterpret pc=0x000001dde09b2d04 method=org.jetbrains.kotlin.com.intellij.util.keyFMap.ArrayBackedFMap.indexOf(I)I @ 8 c2
Event: 5.139 Thread 0x000001ddd51a3800 DEOPT PACKING pc=0x000001dde09b2d04 sp=0x0000009549ffc690
Event: 5.139 Thread 0x000001ddd51a3800 DEOPT UNPACKING pc=0x000001ddd8cc68af sp=0x0000009549ffc5b8 mode 2
Event: 5.139 Thread 0x000001ddd51a3800 Uncommon trap: trap_request=0xffffff4d fr.pc=0x000001dde089f318 relative=0x00000000000000f8
Event: 5.139 Thread 0x000001ddd51a3800 Uncommon trap: reason=unstable_if action=reinterpret pc=0x000001dde089f318 method=org.jetbrains.kotlin.com.intellij.util.keyFMap.ArrayBackedFMap.indexOf(I)I @ 8 c2
Event: 5.139 Thread 0x000001ddd51a3800 DEOPT PACKING pc=0x000001dde089f318 sp=0x0000009549ffc610
Event: 5.139 Thread 0x000001ddd51a3800 DEOPT UNPACKING pc=0x000001ddd8cc68af sp=0x0000009549ffc598 mode 2

Classes redefined (0 events):
No events

Internal exceptions (20 events):
Event: 0.813 Thread 0x000001ddd51a3800 Exception <a 'java/lang/NoSuchMethodError'{0x000000071053d950}: 'java.lang.Object java.lang.invoke.DirectMethodHandle$Holder.invokeStaticInit(java.lang.Object, int)'> (0x000000071053d950) thrown at [./src/hotspot/share/interpreter/linkResolver.cpp, line 773]
Event: 0.831 Thread 0x000001ddd51a3800 Exception <a 'java/lang/NoSuchMethodError'{0x00000007104b3d98}: 'long java.lang.invoke.DirectMethodHandle$Holder.invokeStatic(java.lang.Object)'> (0x00000007104b3d98) thrown at [./src/hotspot/share/interpreter/linkResolver.cpp, line 773]
Event: 0.831 Thread 0x000001ddd51a3800 Exception <a 'java/lang/NoSuchMethodError'{0x00000007104b6bf0}: 'long java.lang.invoke.DirectMethodHandle$Holder.invokeStaticInit(java.lang.Object)'> (0x00000007104b6bf0) thrown at [./src/hotspot/share/interpreter/linkResolver.cpp, line 773]
Event: 0.874 Thread 0x000001ddd51a3800 Exception <a 'java/lang/NoSuchMethodError'{0x000000071007b768}: 'int java.lang.invoke.DirectMethodHandle$Holder.invokeStaticInit(java.lang.Object, java.lang.Object)'> (0x000000071007b768) thrown at [./src/hotspot/share/interpreter/linkResolver.cpp, line 773]
Event: 0.934 Thread 0x000001ddd51a3800 Exception <a 'java/lang/NoSuchMethodError'{0x000000070fde1c28}: 'java.lang.Object java.lang.invoke.DirectMethodHandle$Holder.invokeStatic(java.lang.Object, java.lang.Object, java.lang.Object, java.lang.Object, java.lang.Object, java.lang.Object, java.lang.Object, java.lang.Object, java.lang.Object, java.lang.Object, java.lang.Object, java.lang.Object, java.lang.Object, java.lang.Object, java.lang.Object)'> (0x000000070fde1c28) thrown at [./src/hotspot/share/interpreter/linkResolver.cpp, line 773]
Event: 0.935 Thread 0x000001ddd51a3800 Exception <a 'java/lang/NoSuchMethodError'{0x000000070fdefc30}: 'java.lang.Object java.lang.invoke.DirectMethodHandle$Holder.invokeStatic(java.lang.Object, java.lang.Object, java.lang.Object, java.lang.Object, java.lang.Object, java.lang.Object, java.lang.Object, java.lang.Object, java.lang.Object, java.lang.Object, java.lang.Object, java.lang.Object, java.lang.Object, java.lang.Object, java.lang.Object, java.lang.Object)'> (0x000000070fdefc30) thrown at [./src/hotspot/share/interpreter/linkResolver.cpp, l
Event: 0.936 Thread 0x000001ddd51a3800 Exception <a 'java/lang/NoSuchMethodError'{0x000000070fdff420}: 'java.lang.Object java.lang.invoke.DirectMethodHandle$Holder.invokeSpecial(java.lang.Object, java.lang.Object, int, int, java.lang.Object, java.lang.Object, java.lang.Object)'> (0x000000070fdff420) thrown at [./src/hotspot/share/interpreter/linkResolver.cpp, line 773]
Event: 0.937 Thread 0x000001ddd51a3800 Exception <a 'java/lang/NoSuchMethodError'{0x000000070fc03150}: 'java.lang.Object java.lang.invoke.DelegatingMethodHandle$Holder.reinvoke_L(java.lang.Object, int, int, java.lang.Object, java.lang.Object, java.lang.Object)'> (0x000000070fc03150) thrown at [./src/hotspot/share/interpreter/linkResolver.cpp, line 773]
Event: 0.937 Thread 0x000001ddd51a3800 Exception <a 'java/lang/NoSuchMethodError'{0x000000070fc075d0}: 'java.lang.Object java.lang.invoke.DirectMethodHandle$Holder.invokeStatic(java.lang.Object, java.lang.Object, java.lang.Object, java.lang.Object, int)'> (0x000000070fc075d0) thrown at [./src/hotspot/share/interpreter/linkResolver.cpp, line 773]
Event: 1.007 Thread 0x000001ddd51a3800 Exception <a 'java/lang/NoSuchMethodError'{0x0000000712075168}: 'void java.lang.invoke.DirectMethodHandle$Holder.invokeSpecial(java.lang.Object, java.lang.Object)'> (0x0000000712075168) thrown at [./src/hotspot/share/interpreter/linkResolver.cpp, line 773]
Event: 1.033 Thread 0x000001ddd51a3800 Exception <a 'java/lang/NoSuchMethodError'{0x0000000711efa2d8}: 'void java.lang.invoke.DirectMethodHandle$Holder.invokeStaticInit(java.lang.Object, java.lang.Object)'> (0x0000000711efa2d8) thrown at [./src/hotspot/share/interpreter/linkResolver.cpp, line 773]
Event: 1.038 Thread 0x000001ddd51a3800 Exception <a 'java/lang/NoSuchMethodError'{0x0000000711d37d68}: 'void java.lang.invoke.DirectMethodHandle$Holder.invokeInterface(java.lang.Object, java.lang.Object)'> (0x0000000711d37d68) thrown at [./src/hotspot/share/interpreter/linkResolver.cpp, line 773]
Event: 1.091 Thread 0x000001ddd51a3800 Exception <a 'java/lang/NoSuchMethodError'{0x000000071192fff0}: 'int java.lang.invoke.DirectMethodHandle$Holder.invokeVirtual(java.lang.Object, java.lang.Object)'> (0x000000071192fff0) thrown at [./src/hotspot/share/interpreter/linkResolver.cpp, line 773]
Event: 1.478 Thread 0x000001ddd51a3800 Exception <a 'java/lang/NoSuchMethodError'{0x000000070f43a900}: 'java.lang.Object java.lang.invoke.DirectMethodHandle$Holder.invokeVirtual(java.lang.Object, java.lang.Object, java.lang.Object)'> (0x000000070f43a900) thrown at [./src/hotspot/share/interpreter/linkResolver.cpp, line 773]
Event: 2.169 Thread 0x000001ddd51a3800 Exception <a 'java/lang/NoSuchMethodError'{0x00000007116d5ea0}: 'java.lang.Object java.lang.invoke.Invokers$Holder.linkToTargetMethod(java.lang.Object, int, java.lang.Object)'> (0x00000007116d5ea0) thrown at [./src/hotspot/share/interpreter/linkResolver.cpp, line 773]
Event: 3.426 Thread 0x000001ddd51a3800 Exception <a 'java/lang/NoSuchMethodError'{0x000000070d9a8e48}: 'java.lang.Object java.lang.invoke.Invokers$Holder.linkToTargetMethod(java.lang.Object, java.lang.Object, java.lang.Object, java.lang.Object, java.lang.Object, java.lang.Object, java.lang.Object)'> (0x000000070d9a8e48) thrown at [./src/hotspot/share/interpreter/linkResolver.cpp, line 773]
Event: 4.831 Thread 0x000001ddd51a3800 Implicit null exception at 0x000001dde0948eac to 0x000001dde0950700
Event: 5.031 Thread 0x000001ddd51a3800 Exception <a 'java/lang/NoSuchMethodError'{0x000000070b6e4f40}: 'int java.lang.invoke.DirectMethodHandle$Holder.invokeStatic(java.lang.Object, java.lang.Object, java.lang.Object, java.lang.Object, java.lang.Object)'> (0x000000070b6e4f40) thrown at [./src/hotspot/share/interpreter/linkResolver.cpp, line 773]
Event: 5.133 Thread 0x000001ddd51a3800 Exception <a 'java/lang/NoSuchMethodError'{0x000000070b44d7a8}: 'java.lang.Object java.lang.invoke.DirectMethodHandle$Holder.invokeSpecial(java.lang.Object, java.lang.Object, java.lang.Object, java.lang.Object, java.lang.Object, int)'> (0x000000070b44d7a8) thrown at [./src/hotspot/share/interpreter/linkResolver.cpp, line 773]
Event: 5.133 Thread 0x000001ddd51a3800 Exception <a 'java/lang/NoSuchMethodError'{0x000000070b4510a0}: 'java.lang.Object java.lang.invoke.Invokers$Holder.linkToTargetMethod(java.lang.Object, java.lang.Object, java.lang.Object, int, java.lang.Object)'> (0x000000070b4510a0) thrown at [./src/hotspot/share/interpreter/linkResolver.cpp, line 773]

Events (20 events):
Event: 5.166 loading class org/jetbrains/kotlin/com/intellij/psi/PsiClass done
Event: 5.166 loading class org/jetbrains/kotlin/com/intellij/pom/java/LanguageLevel
Event: 5.166 loading class org/jetbrains/kotlin/com/intellij/pom/java/LanguageLevel done
Event: 5.166 loading class org/jetbrains/kotlin/com/intellij/pom/java/LanguageLevel
Event: 5.166 loading class org/jetbrains/kotlin/com/intellij/pom/java/LanguageLevel done
Event: 5.166 loading class org/jetbrains/kotlin/com/intellij/psi/impl/ScopedClassHierarchy
Event: 5.166 loading class org/jetbrains/kotlin/com/intellij/psi/impl/ScopedClassHierarchy done
Event: 5.167 loading class org/jetbrains/kotlin/com/intellij/psi/impl/source/resolve/JavaResolveUtil
Event: 5.167 loading class org/jetbrains/kotlin/com/intellij/psi/impl/source/resolve/JavaResolveUtil done
Event: 5.170 loading class org/jetbrains/kotlin/com/intellij/psi/infos/ClassCandidateInfo
Event: 5.170 loading class org/jetbrains/kotlin/com/intellij/psi/infos/ClassCandidateInfo done
Event: 5.170 loading class org/jetbrains/kotlin/com/intellij/psi/infos/CandidateInfo
Event: 5.170 loading class org/jetbrains/kotlin/com/intellij/psi/infos/CandidateInfo done
Event: 5.172 loading class org/jetbrains/kotlin/com/intellij/psi/impl/source/PsiClassReferenceType$DelegatingClassResolveResult
Event: 5.172 loading class org/jetbrains/kotlin/com/intellij/psi/impl/source/PsiClassReferenceType$DelegatingClassResolveResult done
Event: 5.173 loading class org/jetbrains/kotlin/com/intellij/psi/impl/compiled/ClsParameterImpl
Event: 5.173 loading class org/jetbrains/kotlin/com/intellij/psi/impl/compiled/ClsParameterImpl done
Event: 5.174 loading class org/jetbrains/kotlin/com/intellij/psi/impl/source/tree/java/PsiAnnotationImpl
Event: 5.174 loading class org/jetbrains/kotlin/com/intellij/psi/impl/source/tree/java/PsiAnnotationImpl done
Event: 5.175 Executing VM operation: G1CollectForAllocation


Dynamic libraries:
0x00007ff7a5a30000 - 0x00007ff7a5a3a000 	C:\Program Files\Android\Android Studio\jre\bin\java.exe
0x00007fff54480000 - 0x00007fff54689000 	C:\WINDOWS\SYSTEM32\ntdll.dll
0x00007fff52af0000 - 0x00007fff52bad000 	C:\WINDOWS\System32\KERNEL32.DLL
0x00007fff51970000 - 0x00007fff51ce4000 	C:\WINDOWS\System32\KERNELBASE.dll
0x00007fff51ff0000 - 0x00007fff52101000 	C:\WINDOWS\System32\ucrtbase.dll
0x00007fff48ef0000 - 0x00007fff48f07000 	C:\Program Files\Android\Android Studio\jre\bin\VCRUNTIME140.dll
0x00007fff49290000 - 0x00007fff492a9000 	C:\Program Files\Android\Android Studio\jre\bin\jli.dll
0x00007fff54290000 - 0x00007fff5443c000 	C:\WINDOWS\System32\USER32.dll
0x00007fff2b960000 - 0x00007fff2bc05000 	C:\WINDOWS\WinSxS\amd64_microsoft.windows.common-controls_6595b64144ccf1df_6.0.22000.120_none_9d947278b86cc467\COMCTL32.dll
0x00007fff51de0000 - 0x00007fff51e06000 	C:\WINDOWS\System32\win32u.dll
0x00007fff52870000 - 0x00007fff52913000 	C:\WINDOWS\System32\msvcrt.dll
0x00007fff52340000 - 0x00007fff52369000 	C:\WINDOWS\System32\GDI32.dll
0x00007fff51e10000 - 0x00007fff51f22000 	C:\WINDOWS\System32\gdi32full.dll
0x00007fff52110000 - 0x00007fff521ad000 	C:\WINDOWS\System32\msvcp_win.dll
0x00007fff53610000 - 0x00007fff53641000 	C:\WINDOWS\System32\IMM32.DLL
0x00007fff17d40000 - 0x00007fff17ddd000 	C:\Program Files\Android\Android Studio\jre\bin\msvcp140.dll
0x00007fff14bc0000 - 0x00007fff15695000 	C:\Program Files\Android\Android Studio\jre\bin\server\jvm.dll
0x00007fff52920000 - 0x00007fff529ce000 	C:\WINDOWS\System32\ADVAPI32.dll
0x00007fff52da0000 - 0x00007fff52e3e000 	C:\WINDOWS\System32\sechost.dll
0x00007fff54170000 - 0x00007fff54290000 	C:\WINDOWS\System32\RPCRT4.dll
0x00007fff52d90000 - 0x00007fff52d98000 	C:\WINDOWS\System32\PSAPI.DLL
0x00007fff47800000 - 0x00007fff47833000 	C:\WINDOWS\SYSTEM32\WINMM.dll
0x00007fff48190000 - 0x00007fff48199000 	C:\WINDOWS\SYSTEM32\WSOCK32.dll
0x00007fff43c90000 - 0x00007fff43c9a000 	C:\WINDOWS\SYSTEM32\VERSION.dll
0x00007fff529d0000 - 0x00007fff52a3f000 	C:\WINDOWS\System32\WS2_32.dll
0x00007fff50b20000 - 0x00007fff50b38000 	C:\WINDOWS\SYSTEM32\kernel.appcore.dll
0x00007fff3f1e0000 - 0x00007fff3f1f1000 	C:\Program Files\Android\Android Studio\jre\bin\verify.dll
0x00007fff4f790000 - 0x00007fff4f9b1000 	C:\WINDOWS\SYSTEM32\DBGHELP.DLL
0x00007fff3eeb0000 - 0x00007fff3eee1000 	C:\WINDOWS\SYSTEM32\dbgcore.DLL
0x00007fff51cf0000 - 0x00007fff51d6f000 	C:\WINDOWS\System32\bcryptPrimitives.dll
0x00007fff3a580000 - 0x00007fff3a5a9000 	C:\Program Files\Android\Android Studio\jre\bin\java.dll
0x00007fff48180000 - 0x00007fff4818b000 	C:\Program Files\Android\Android Studio\jre\bin\jimage.dll
0x00007fff3f1c0000 - 0x00007fff3f1d8000 	C:\Program Files\Android\Android Studio\jre\bin\zip.dll
0x00007fff52e40000 - 0x00007fff535ef000 	C:\WINDOWS\System32\SHELL32.dll
0x00007fff4f9c0000 - 0x00007fff50228000 	C:\WINDOWS\SYSTEM32\windows.storage.dll
0x00007fff52490000 - 0x00007fff52808000 	C:\WINDOWS\System32\combase.dll
0x00007fff4f620000 - 0x00007fff4f786000 	C:\WINDOWS\SYSTEM32\wintypes.dll
0x00007fff52bb0000 - 0x00007fff52c9a000 	C:\WINDOWS\System32\SHCORE.dll
0x00007fff53810000 - 0x00007fff5386d000 	C:\WINDOWS\System32\shlwapi.dll
0x00007fff518a0000 - 0x00007fff518c1000 	C:\WINDOWS\SYSTEM32\profapi.dll
0x00007fff39be0000 - 0x00007fff39bfa000 	C:\Program Files\Android\Android Studio\jre\bin\net.dll
0x00007fff47f00000 - 0x00007fff4800c000 	C:\WINDOWS\SYSTEM32\WINHTTP.dll
0x00007fff50f40000 - 0x00007fff50fa7000 	C:\WINDOWS\system32\mswsock.dll
0x00007fff39bc0000 - 0x00007fff39bd4000 	C:\Program Files\Android\Android Studio\jre\bin\nio.dll

dbghelp: loaded successfully - version: 4.0.5 - missing functions: none
symbol engine: initialized successfully - sym options: 0x614 - pdb path: .;C:\Program Files\Android\Android Studio\jre\bin;C:\WINDOWS\SYSTEM32;C:\WINDOWS\WinSxS\amd64_microsoft.windows.common-controls_6595b64144ccf1df_6.0.22000.120_none_9d947278b86cc467;C:\Program Files\Android\Android Studio\jre\bin\server

VM Arguments:
java_command: org.jetbrains.kotlin.cli.jvm.K2JVMCompiler @D:\Project\schoolManagement\node_modules\react-native-screens\android\build\20220417_6441884384874761793.compiler.options
java_class_path (initial): C:\Users\IT BD\.gradle\caches\modules-2\files-2.1\org.jetbrains.kotlin\kotlin-compiler-embeddable\1.4.10\38c4b99d5d5362debdd9302a866730379aa2328a\kotlin-compiler-embeddable-1.4.10.jar;C:\Users\IT BD\.gradle\caches\modules-2\files-2.1\org.jetbrains.kotlin\kotlin-reflect\1.4.10\e2b3c6695eee6085e606d96d685396dce23a3a06\kotlin-reflect-1.4.10.jar;C:\Users\IT BD\.gradle\caches\modules-2\files-2.1\org.jetbrains.kotlin\kotlin-stdlib\1.4.10\ea29e063d2bbe695be13e9d044dcfb0c7add398e\kotlin-stdlib-1.4.10.jar;C:\Users\IT BD\.gradle\caches\modules-2\files-2.1\org.jetbrains.kotlin\kotlin-script-runtime\1.4.10\7c19d9c2001e016cd7664cebe9eea66fc04a7f4f\kotlin-script-runtime-1.4.10.jar;C:\Users\IT BD\.gradle\caches\modules-2\files-2.1\org.jetbrains.kotlin\kotlin-daemon-embeddable\1.4.10\dbd67f42bed28043d17d7c860b06110a00a45970\kotlin-daemon-embeddable-1.4.10.jar;C:\Users\IT BD\.gradle\caches\modules-2\files-2.1\org.jetbrains.intellij.deps\trove4j\1.0.20181211\216c2e14b070f334479d800987affe4054cd563f\trove4j-1.0.20181211.jar;C:\Users\IT BD\.gradle\caches\modules-2\files-2.1\org.jetbrains.kotlin\kotlin-stdlib-common\1.4.10\6229be3465805c99db1142ad75e6c6ddeac0b04c\kotlin-stdlib-common-1.4.10.jar;C:\Users\IT BD\.gradle\caches\modules-2\files-2.1\org.jetbrains\annotations\13.0\919f0dfe192fb4e063e7dacadee7f8bb9a2672a9\annotations-13.0.jar
Launcher Type: SUN_STANDARD

[Global flags]
     intx CICompilerCount                          = 4                                         {product} {ergonomic}
     uint ConcGCThreads                            = 2                                         {product} {ergonomic}
     uint G1ConcRefinementThreads                  = 8                                         {product} {ergonomic}
   size_t G1HeapRegionSize                         = 1048576                                   {product} {ergonomic}
    uintx GCDrainStackTargetSize                   = 64                                        {product} {ergonomic}
   size_t InitialHeapSize                          = 266338304                                 {product} {ergonomic}
   size_t MarkStackSize                            = 4194304                                   {product} {ergonomic}
   size_t MaxHeapSize                              = 4255121408                                {product} {ergonomic}
   size_t MaxNewSize                               = 2552233984                                {product} {ergonomic}
   size_t MinHeapDeltaBytes                        = 1048576                                   {product} {ergonomic}
    uintx NonNMethodCodeHeapSize                   = 5836300                                {pd product} {ergonomic}
    uintx NonProfiledCodeHeapSize                  = 122910970                              {pd product} {ergonomic}
    uintx ProfiledCodeHeapSize                     = 122910970                              {pd product} {ergonomic}
    uintx ReservedCodeCacheSize                    = 251658240                              {pd product} {ergonomic}
     bool SegmentedCodeCache                       = true                                      {product} {ergonomic}
     bool UseCompressedClassPointers               = true                                 {lp64_product} {ergonomic}
     bool UseCompressedOops                        = true                                 {lp64_product} {ergonomic}
     bool UseG1GC                                  = true                                      {product} {ergonomic}
     bool UseLargePagesIndividualAllocation        = false                                  {pd product} {ergonomic}

Logging:
Log output configuration:
 #0: stdout all=warning uptime,level,tags
 #1: stderr all=off uptime,level,tags

Environment Variables:
JAVA_HOME=C:\Program Files\Android\Android Studio\jre
CLASSPATH=D:\Project\schoolManagement\android\\gradle\wrapper\gradle-wrapper.jar
PATH=D:\Project\schoolManagement\android\node_modules\.bin;D:\Project\schoolManagement\node_modules\.bin;D:\Project\node_modules\.bin;D:\node_modules\.bin;C:\Program Files\nodejs;D:\Project\schoolManagement\node_modules\.bin;D:\Project\node_modules\.bin;D:\node_modules\.bin;C:\Program Files\nodejs\node_modules\npm\node_modules\@npmcli\run-script\lib\node-gyp-bin;C:\ProgramData\Oracle\Java\javapath;C:\WINDOWS\system32;C:\WINDOWS;C:\WINDOWS\System32\Wbem;C:\WINDOWS\System32\WindowsPowerShell\v1.0\;C:\WINDOWS\System32\OpenSSH\;C:\Program Files\nodejs\;C:\Program Files\Git\cmd;C:\Program Files\Microsoft VS Code\bin;C:\ProgramData\chocolatey\bin;C:\Program Files (x86)\Intel\Intel(R) Management Engine Components\DAL;C:\Program Files\Intel\Intel(R) Management Engine Components\DAL;C:\Users\IT BD\AppData\Local\Microsoft\WindowsApps;C:\Users\IT BD\AppData\Roaming\npm;C:\Users\IT BD\AppData\Local\Programs\Microsoft VS Code\bin;C:\Users\IT BD\AppData\Local\Android\Sdk\platform-tools;;D:\Project\schoolManagement\node_modules\.bin
USERNAME=IT BD
LANG=en_US.UTF-8
OS=Windows_NT
PROCESSOR_IDENTIFIER=Intel64 Family 6 Model 142 Stepping 10, GenuineIntel



---------------  S Y S T E M  ---------------

OS: Windows 10 , 64 bit Build 22000 (10.0.22000.434)
OS uptime: 8 days 9:39 hours
Hyper-V role detected

CPU:total 8 (initial active 8) (4 cores per cpu, 2 threads per core) family 6 model 142 stepping 10 microcode 0xec, cmov, cx8, fxsr, mmx, sse, sse2, sse3, ssse3, sse4.1, sse4.2, popcnt, avx, avx2, aes, clmul, erms, rtm, 3dnowpref, lzcnt, ht, tsc, tscinvbit, bmi1, bmi2, adx, fma

Memory: 4k page, system-wide physical 16227M (1045M free)
TotalPageFile size 26489M (AvailPageFile size 48M)
current process WorkingSet (physical memory assigned to process): 290M, peak: 310M
current process commit charge ("private bytes"): 444M, peak: 494M

vm_info: OpenJDK 64-Bit Server VM (11.0.11+9-b60-7590822) for windows-amd64 JRE (11.0.11+9-b60-7590822), built on Jul 29 2021 21:43:44 by "builder" with MS VC++ 14.0 (VS2015)

END.
