#
# There is insufficient memory for the Java Runtime Environment to continue.
# Native memory allocation (mmap) failed to map 266338304 bytes for Failed to commit area from 0x0000000702600000 to 0x0000000712400000 of length 266338304.
# Possible reasons:
#   The system is out of physical RAM or swap space
#   The process is running with CompressedOops enabled, and the Java Heap may be blocking the growth of the native heap
# Possible solutions:
#   Reduce memory load on the system
#   Increase physical memory or swap space
#   Check if swap backing store is full
#   Decrease Java heap size (-Xmx/-Xms)
#   Decrease number of Java threads
#   Decrease Java thread stack sizes (-Xss)
#   Set larger code cache with -XX:ReservedCodeCacheSize=
# This output file may be truncated or incomplete.
#
#  Out of Memory Error (./src/hotspot/os/windows/os_windows.cpp:3301), pid=12028, tid=20048
#
# JRE version:  (11.0.11+9) (build )
# Java VM: OpenJDK 64-Bit Server VM (11.0.11+9-b60-7590822, mixed mode, sharing, tiered, compressed oops, g1 gc, windows-amd64)
# No core dump will be written. Minidumps are not enabled by default on client versions of Windows
#

---------------  S U M M A R Y ------------

Command Line: org.jetbrains.kotlin.cli.jvm.K2JVMCompiler @D:\Project\schoolManagement\node_modules\react-native-screens\android\build\20220417_3970340979140630704.compiler.options

Host: Intel(R) Core(TM) i7-8650U CPU @ 1.90GHz, 8 cores, 15G,  Windows 10 , 64 bit Build 22000 (10.0.22000.434)
Time: Sun Apr 17 14:04:16 2022 Bangladesh Standard Time elapsed time: 0.054801 seconds (0d 0h 0m 0s)

---------------  T H R E A D  ---------------

Current thread (0x00000211da4a3000):  JavaThread "Unknown thread" [_thread_in_vm, id=20048, stack(0x00000012d6f00000,0x00000012d7000000)]

Stack: [0x00000012d6f00000,0x00000012d7000000]
Native frames: (J=compiled Java code, j=interpreted, Vv=VM code, C=native code)
V  [jvm.dll+0x5f214a]
V  [jvm.dll+0x726fb5]
V  [jvm.dll+0x7285cd]
V  [jvm.dll+0x728c83]
V  [jvm.dll+0x243278]
V  [jvm.dll+0x5ef544]
V  [jvm.dll+0x5e4495]
V  [jvm.dll+0x2fec5b]
V  [jvm.dll+0x2febca]
V  [jvm.dll+0x2feaa2]
V  [jvm.dll+0x303986]
V  [jvm.dll+0x34c3a3]
V  [jvm.dll+0x34caa6]
V  [jvm.dll+0x34c4a3]
V  [jvm.dll+0x2d9688]
V  [jvm.dll+0x2da837]
V  [jvm.dll+0x705ba7]
V  [jvm.dll+0x70739c]
V  [jvm.dll+0x3598f9]
V  [jvm.dll+0x6e931e]
V  [jvm.dll+0x3c1c43]
V  [jvm.dll+0x3c3e81]
C  [jli.dll+0x5373]
C  [ucrtbase.dll+0x26c0c]
C  [KERNEL32.DLL+0x154e0]
C  [ntdll.dll+0x485b]


---------------  P R O C E S S  ---------------

Threads class SMR info:
_java_thread_list=0x00000211da356eb0, length=0, elements={
}

Java Threads: ( => current thread )

Other Threads:
  0x00000211da4b9800 GCTaskThread "GC Thread#0" [stack: 0x00000012d7000000,0x00000012d7100000] [id=7500]
  0x00000211da518000 ConcurrentGCThread "G1 Main Marker" [stack: 0x00000012d7100000,0x00000012d7200000] [id=22608]
  0x00000211da519800 ConcurrentGCThread "G1 Conc#0" [stack: 0x00000012d7200000,0x00000012d7300000] [id=21516]

[error occurred during error reporting (printing all threads), id 0xc0000005, EXCEPTION_ACCESS_VIOLATION (0xc0000005) at pc=0x00007fff14ea9c47]

VM state:not at safepoint (not fully initialized)

VM Mutex/Monitor currently owned by a thread:  ([mutex/lock_event])
[0x00000211da4a1cd0] Heap_lock - owner thread: 0x00000211da4a3000

Heap address: 0x0000000702600000, size: 4058 MB, Compressed Oops mode: Non-zero based: 0x0000000702600000
Narrow klass base: 0x0000000000000000, Narrow klass shift: 0

GC Heap History (0 events):
No events

Deoptimization events (0 events):
No events

Classes redefined (0 events):
No events

Internal exceptions (0 events):
No events

Events (1 events):
Event: 0.008 Loaded shared library C:\Program Files\Android\Android Studio\jre\bin\zip.dll


Dynamic libraries:
0x00007ff7a5a30000 - 0x00007ff7a5a3a000 	C:\Program Files\Android\Android Studio\jre\bin\java.exe
0x00007fff54480000 - 0x00007fff54689000 	C:\WINDOWS\SYSTEM32\ntdll.dll
0x00007fff52af0000 - 0x00007fff52bad000 	C:\WINDOWS\System32\KERNEL32.DLL
0x00007fff51970000 - 0x00007fff51ce4000 	C:\WINDOWS\System32\KERNELBASE.dll
0x00007fff51ff0000 - 0x00007fff52101000 	C:\WINDOWS\System32\ucrtbase.dll
0x00007fff49290000 - 0x00007fff492a9000 	C:\Program Files\Android\Android Studio\jre\bin\jli.dll
0x00007fff48ef0000 - 0x00007fff48f07000 	C:\Program Files\Android\Android Studio\jre\bin\VCRUNTIME140.dll
0x00007fff54290000 - 0x00007fff5443c000 	C:\WINDOWS\System32\USER32.dll
0x00007fff2b960000 - 0x00007fff2bc05000 	C:\WINDOWS\WinSxS\amd64_microsoft.windows.common-controls_6595b64144ccf1df_6.0.22000.120_none_9d947278b86cc467\COMCTL32.dll
0x00007fff51de0000 - 0x00007fff51e06000 	C:\WINDOWS\System32\win32u.dll
0x00007fff52870000 - 0x00007fff52913000 	C:\WINDOWS\System32\msvcrt.dll
0x00007fff52340000 - 0x00007fff52369000 	C:\WINDOWS\System32\GDI32.dll
0x00007fff51e10000 - 0x00007fff51f22000 	C:\WINDOWS\System32\gdi32full.dll
0x00007fff52110000 - 0x00007fff521ad000 	C:\WINDOWS\System32\msvcp_win.dll
0x00007fff53610000 - 0x00007fff53641000 	C:\WINDOWS\System32\IMM32.DLL
0x00007fff17d40000 - 0x00007fff17ddd000 	C:\Program Files\Android\Android Studio\jre\bin\msvcp140.dll
0x00007fff14bc0000 - 0x00007fff15695000 	C:\Program Files\Android\Android Studio\jre\bin\server\jvm.dll
0x00007fff52920000 - 0x00007fff529ce000 	C:\WINDOWS\System32\ADVAPI32.dll
0x00007fff52da0000 - 0x00007fff52e3e000 	C:\WINDOWS\System32\sechost.dll
0x00007fff54170000 - 0x00007fff54290000 	C:\WINDOWS\System32\RPCRT4.dll
0x00007fff52d90000 - 0x00007fff52d98000 	C:\WINDOWS\System32\PSAPI.DLL
0x00007fff47800000 - 0x00007fff47833000 	C:\WINDOWS\SYSTEM32\WINMM.dll
0x00007fff43c90000 - 0x00007fff43c9a000 	C:\WINDOWS\SYSTEM32\VERSION.dll
0x00007fff48190000 - 0x00007fff48199000 	C:\WINDOWS\SYSTEM32\WSOCK32.dll
0x00007fff529d0000 - 0x00007fff52a3f000 	C:\WINDOWS\System32\WS2_32.dll
0x00007fff50b20000 - 0x00007fff50b38000 	C:\WINDOWS\SYSTEM32\kernel.appcore.dll
0x00007fff3f1e0000 - 0x00007fff3f1f1000 	C:\Program Files\Android\Android Studio\jre\bin\verify.dll
0x00007fff4f790000 - 0x00007fff4f9b1000 	C:\WINDOWS\SYSTEM32\DBGHELP.DLL
0x00007fff3eeb0000 - 0x00007fff3eee1000 	C:\WINDOWS\SYSTEM32\dbgcore.DLL
0x00007fff51cf0000 - 0x00007fff51d6f000 	C:\WINDOWS\System32\bcryptPrimitives.dll
0x00007fff3a580000 - 0x00007fff3a5a9000 	C:\Program Files\Android\Android Studio\jre\bin\java.dll
0x00007fff48180000 - 0x00007fff4818b000 	C:\Program Files\Android\Android Studio\jre\bin\jimage.dll
0x00007fff3f1c0000 - 0x00007fff3f1d8000 	C:\Program Files\Android\Android Studio\jre\bin\zip.dll

dbghelp: loaded successfully - version: 4.0.5 - missing functions: none
symbol engine: initialized successfully - sym options: 0x614 - pdb path: .;C:\Program Files\Android\Android Studio\jre\bin;C:\WINDOWS\SYSTEM32;C:\WINDOWS\WinSxS\amd64_microsoft.windows.common-controls_6595b64144ccf1df_6.0.22000.120_none_9d947278b86cc467;C:\Program Files\Android\Android Studio\jre\bin\server

VM Arguments:
java_command: org.jetbrains.kotlin.cli.jvm.K2JVMCompiler @D:\Project\schoolManagement\node_modules\react-native-screens\android\build\20220417_3970340979140630704.compiler.options
java_class_path (initial): C:\Users\IT BD\.gradle\caches\modules-2\files-2.1\org.jetbrains.kotlin\kotlin-compiler-embeddable\1.4.10\38c4b99d5d5362debdd9302a866730379aa2328a\kotlin-compiler-embeddable-1.4.10.jar;C:\Users\IT BD\.gradle\caches\modules-2\files-2.1\org.jetbrains.kotlin\kotlin-reflect\1.4.10\e2b3c6695eee6085e606d96d685396dce23a3a06\kotlin-reflect-1.4.10.jar;C:\Users\IT BD\.gradle\caches\modules-2\files-2.1\org.jetbrains.kotlin\kotlin-stdlib\1.4.10\ea29e063d2bbe695be13e9d044dcfb0c7add398e\kotlin-stdlib-1.4.10.jar;C:\Users\IT BD\.gradle\caches\modules-2\files-2.1\org.jetbrains.kotlin\kotlin-script-runtime\1.4.10\7c19d9c2001e016cd7664cebe9eea66fc04a7f4f\kotlin-script-runtime-1.4.10.jar;C:\Users\IT BD\.gradle\caches\modules-2\files-2.1\org.jetbrains.kotlin\kotlin-daemon-embeddable\1.4.10\dbd67f42bed28043d17d7c860b06110a00a45970\kotlin-daemon-embeddable-1.4.10.jar;C:\Users\IT BD\.gradle\caches\modules-2\files-2.1\org.jetbrains.intellij.deps\trove4j\1.0.20181211\216c2e14b070f334479d800987affe4054cd563f\trove4j-1.0.20181211.jar;C:\Users\IT BD\.gradle\caches\modules-2\files-2.1\org.jetbrains.kotlin\kotlin-stdlib-common\1.4.10\6229be3465805c99db1142ad75e6c6ddeac0b04c\kotlin-stdlib-common-1.4.10.jar;C:\Users\IT BD\.gradle\caches\modules-2\files-2.1\org.jetbrains\annotations\13.0\919f0dfe192fb4e063e7dacadee7f8bb9a2672a9\annotations-13.0.jar
Launcher Type: SUN_STANDARD

[Global flags]
     intx CICompilerCount                          = 4                                         {product} {ergonomic}
     uint ConcGCThreads                            = 2                                         {product} {ergonomic}
     uint G1ConcRefinementThreads                  = 8                                         {product} {ergonomic}
   size_t G1HeapRegionSize                         = 1048576                                   {product} {ergonomic}
    uintx GCDrainStackTargetSize                   = 64                                        {product} {ergonomic}
   size_t InitialHeapSize                          = 266338304                                 {product} {ergonomic}
   size_t MarkStackSize                            = 4194304                                   {product} {ergonomic}
   size_t MaxHeapSize                              = 4255121408                                {product} {ergonomic}
   size_t MinHeapDeltaBytes                        = 1048576                                   {product} {ergonomic}
    uintx NonNMethodCodeHeapSize                   = 5836300                                {pd product} {ergonomic}
    uintx NonProfiledCodeHeapSize                  = 122910970                              {pd product} {ergonomic}
    uintx ProfiledCodeHeapSize                     = 122910970                              {pd product} {ergonomic}
    uintx ReservedCodeCacheSize                    = 251658240                              {pd product} {ergonomic}
     bool SegmentedCodeCache                       = true                                      {product} {ergonomic}
     bool UseCompressedClassPointers               = true                                 {lp64_product} {ergonomic}
     bool UseCompressedOops                        = true                                 {lp64_product} {ergonomic}
     bool UseG1GC                                  = true                                      {product} {ergonomic}
     bool UseLargePagesIndividualAllocation        = false                                  {pd product} {ergonomic}

Logging:
Log output configuration:
 #0: stdout all=warning uptime,level,tags
 #1: stderr all=off uptime,level,tags

Environment Variables:
JAVA_HOME=C:\Program Files\Android\Android Studio\jre
CLASSPATH=D:\Project\schoolManagement\android\\gradle\wrapper\gradle-wrapper.jar
PATH=D:\Project\schoolManagement\android\node_modules\.bin;D:\Project\schoolManagement\node_modules\.bin;D:\Project\node_modules\.bin;D:\node_modules\.bin;C:\Program Files\nodejs;D:\Project\schoolManagement\node_modules\.bin;D:\Project\node_modules\.bin;D:\node_modules\.bin;C:\Program Files\nodejs\node_modules\npm\node_modules\@npmcli\run-script\lib\node-gyp-bin;C:\ProgramData\Oracle\Java\javapath;C:\WINDOWS\system32;C:\WINDOWS;C:\WINDOWS\System32\Wbem;C:\WINDOWS\System32\WindowsPowerShell\v1.0\;C:\WINDOWS\System32\OpenSSH\;C:\Program Files\nodejs\;C:\Program Files\Git\cmd;C:\Program Files\Microsoft VS Code\bin;C:\ProgramData\chocolatey\bin;C:\Program Files (x86)\Intel\Intel(R) Management Engine Components\DAL;C:\Program Files\Intel\Intel(R) Management Engine Components\DAL;C:\Users\IT BD\AppData\Local\Microsoft\WindowsApps;C:\Users\IT BD\AppData\Roaming\npm;C:\Users\IT BD\AppData\Local\Programs\Microsoft VS Code\bin;C:\Users\IT BD\AppData\Local\Android\Sdk\platform-tools;;D:\Project\schoolManagement\node_modules\.bin
USERNAME=IT BD
LANG=en_US.UTF-8
OS=Windows_NT
PROCESSOR_IDENTIFIER=Intel64 Family 6 Model 142 Stepping 10, GenuineIntel



---------------  S Y S T E M  ---------------

OS: Windows 10 , 64 bit Build 22000 (10.0.22000.434)
OS uptime: 8 days 9:29 hours
Hyper-V role detected

CPU:total 8 (initial active 8) (4 cores per cpu, 2 threads per core) family 6 model 142 stepping 10 microcode 0xec, cmov, cx8, fxsr, mmx, sse, sse2, sse3, ssse3, sse4.1, sse4.2, popcnt, avx, avx2, aes, clmul, erms, rtm, 3dnowpref, lzcnt, ht, tsc, tscinvbit, bmi1, bmi2, adx, fma

Memory: 4k page, system-wide physical 16227M (1655M free)
TotalPageFile size 26415M (AvailPageFile size 156M)
current process WorkingSet (physical memory assigned to process): 10M, peak: 10M
current process commit charge ("private bytes"): 60M, peak: 314M

vm_info: OpenJDK 64-Bit Server VM (11.0.11+9-b60-7590822) for windows-amd64 JRE (11.0.11+9-b60-7590822), built on Jul 29 2021 21:43:44 by "builder" with MS VC++ 14.0 (VS2015)

END.
